<?xml version="1.0" encoding="utf-8"?><testsuites name="pytest tests"><testsuite name="pytest" errors="0" failures="0" skipped="43" tests="1718" time="43.425" timestamp="2026-09-21T18:12:38.806597+09:00" hostname="E0000000000-35"><testcase classname="tests.agents.test_domain_enrichment.TestPersonalDomainSkip" name="test_gmail_returns_none" time="0.017" /><testcase classname="tests.agents.test_domain_enrichment.TestPersonalDomainSkip" name="test_naver_returns_none" time="0.014" /><testcase classname="tests.agents.test_domain_enrichment.TestPersonalDomainSkip" name="test_personal_domain_no_llm_call" time="0.015" /><testcase classname="tests.agents.test_domain_enrichment.TestCacheHit" name="test_cached_profile_no_llm_call" time="0.044" /><testcase classname="tests.agents.test_domain_enrichment.TestCacheHit" name="test_cache_hit_no_fetch" time="0.020" /><testcase classname="tests.agents.test_domain_enrichment.TestCacheHit" name="test_cache_age_uses_the_configured_days" time="0.029" /><testcase classname="tests.agents.test_domain_enrichment.TestCacheMissWithHomepage" name="test_creates_profile_on_cache_miss" time="0.019" /><testcase classname="tests.agents.test_domain_enrichment.TestHomepageFetchFailure" name="test_timeout_still_calls_llm" time="0.018" /><testcase classname="tests.agents.test_domain_enrichment.TestHomepageFetchFailure" name="test_4xx_forces_low_confidence" time="0.018" /><testcase classname="tests.agents.test_domain_enrichment.TestSSRFGuardIntegration" name="test_localhost_blocked_no_llm" time="0.023" /><testcase classname="tests.agents.test_domain_enrichment.TestSSRFGuardIntegration" name="test_private_ip_blocked_no_analysis" time="0.015" /><testcase classname="tests.agents.test_inbound_domain_integration.TestEnrichmentContextIncluded" name="test_domain_profile_in_enrichment_context" time="0.014" /><testcase classname="tests.agents.test_inbound_domain_integration.TestEnrichmentContextIncluded" name="test_no_domain_profile_no_block" time="0.013" /><testcase classname="tests.agents.test_inbound_domain_integration.TestInboundWithDomainEnrichment" name="test_enrichment_appears_in_draft_prompt" time="1.622" /><testcase classname="tests.agents.test_inbound_domain_integration.TestInboundWithDomainEnrichment" name="test_enrichment_failure_does_not_break_inbound" time="0.087" /><testcase classname="tests.agents.test_inbound_domain_integration.TestInboundWithDomainEnrichment" name="test_personal_domain_no_enrichment" time="0.075" /><testcase classname="tests.agents.test_inbound_domain_integration" name="test_a_known_company_is_still_analyzed" time="0.074" /><testcase classname="tests.agents.test_inbound_domain_integration" name="test_the_web_search_only_runs_when_the_homepage_failed" time="0.024" /><testcase classname="tests.integrations.test_web_fetch.TestSSRFGuard" name="test_localhost_blocked" time="0.002" /><testcase classname="tests.integrations.test_web_fetch.TestSSRFGuard" name="test_loopback_blocked" time="0.001" /><testcase classname="tests.integrations.test_web_fetch.TestSSRFGuard" name="test_metadata_endpoint_blocked" time="0.001" /><testcase classname="tests.integrations.test_web_fetch.TestSSRFGuard" name="test_ipv6_loopback_blocked" time="0.001" /><testcase classname="tests.integrations.test_web_fetch.TestSSRFGuard" name="test_normal_domain_not_blocked" time="0.001" /><testcase classname="tests.integrations.test_web_fetch.TestExtractMeta" name="test_extracts_title_and_description" time="0.001" /><testcase classname="tests.integrations.test_web_fetch.TestExtractMeta" name="test_handles_content_before_name" time="0.001" /><testcase classname="tests.integrations.test_web_fetch.TestExtractMeta" name="test_handles_missing_tags" time="0.001" /><testcase classname="tests.integrations.test_web_fetch.TestFetchHomepageMeta" name="test_ssrf_blocked_returns_blocked_status" time="0.001" /><testcase classname="tests.integrations.test_web_fetch.TestFetchHomepageMeta" name="test_localhost_returns_blocked" time="0.001" /><testcase classname="tests.integrations.test_web_fetch.TestFetchHomepageMeta" name="test_metadata_ip_returns_blocked" time="0.001" /><testcase classname="tests.integrations.test_web_fetch.TestFetchHomepageMeta" name="test_successful_html_fetch" time="0.002" /><testcase classname="tests.integrations.test_web_fetch.TestFetchHomepageMeta" name="test_non_html_returns_blocked" time="0.003" /><testcase classname="tests.integrations.test_web_fetch.TestFetchHomepageMeta" name="test_timeout_returns_timeout_status" time="0.002" /><testcase classname="tests.integrations.test_web_fetch.TestFetchHomepageMeta" name="test_http_5xx_returns_5xx_status" time="0.002" /><testcase classname="tests.integrations.test_web_fetch.TestFetchHomepageMeta" name="test_redirect_to_private_target_is_blocked" time="0.002" /><testcase classname="tests.integrations.test_web_fetch.TestFetchHomepageMeta" name="test_oversized_stream_is_blocked" time="0.004" /><testcase classname="tests.test_agent_stays_local" name="test_agent_side_modules_never_touch_our_api" time="0.005" /><testcase classname="tests.test_agent_stays_local" name="test_the_only_fetch_target_is_loopback" time="0.002" /><testcase classname="tests.test_agent_stays_local" name="test_the_agent_binds_loopback_only_and_never_calls_out" time="0.006" /><testcase classname="tests.test_agent_stays_local" name="test_reconcile_writes_only_completion_flags_to_two_routes" time="0.002" /><testcase classname="tests.test_api_health" name="test_healthz_no_token" time="0.109" /><testcase classname="tests.test_api_health" name="test_healthz_has_request_id" time="0.008" /><testcase classname="tests.test_api_health" name="test_protected_route_rejects_no_token" time="0.006" /><testcase classname="tests.test_api_health" name="test_protected_route_accepts_valid_token" time="0.010" /><testcase classname="tests.test_api_health" name="test_webhook_inbound" time="0.015" /><testcase classname="tests.test_api_health" name="test_webhook_rejects_unsigned_when_required" time="0.009" /><testcase classname="tests.test_api_health" name="test_web_ui_localhost_allowed" time="0.021" /><testcase classname="tests.test_api_health" name="test_google_integration_routes_use_web_ui_auth_gate" time="0.001" /><testcase classname="tests.test_api_health" name="test_operator_pages_use_web_ui_auth_gate" time="0.001" /><testcase classname="tests.test_api_health" name="test_external_operator_links_allow_only_http_schemes" time="0.001" /><testcase classname="tests.test_api_health" name="test_two_role_web_policy" time="0.001" /><testcase classname="tests.test_api_health" name="test_viewer_mutation_is_blocked_by_middleware" time="0.005" /><testcase classname="tests.test_api_health" name="test_operator_reaches_admin_routes_after_role_merge" time="0.010" /><testcase classname="tests.test_api_health" name="test_viewer_admin_mutation_is_blocked_by_middleware" time="0.008" /><testcase classname="tests.test_api_health" name="test_startup_rejects_multiple_in_process_workers" time="0.002" /><testcase classname="tests.test_api_health" name="test_startup_rejects_public_basic_without_password" time="0.001" /><testcase classname="tests.test_api_health" name="test_startup_rejects_incomplete_google_oauth" time="0.001" /><testcase classname="tests.test_api_health" name="test_startup_rejects_a_sheets_refresh_token_without_its_oauth_client" time="0.001" /><testcase classname="tests.test_api_health" name="test_startup_accepts_a_sheets_refresh_token_with_the_login_client" time="0.001" /><testcase classname="tests.test_api_health" name="test_web_ui_public_no_password_is_403" time="0.006" /><testcase classname="tests.test_api_health" name="test_web_ui_public_requires_basic_auth" time="0.006" /><testcase classname="tests.test_api_health" name="test_web_ui_public_wrong_password_is_401" time="0.005" /><testcase classname="tests.test_api_health" name="test_web_ui_public_correct_basic_auth_allowed" time="0.015" /><testcase classname="tests.test_api_health" name="test_cross_site_web_write_is_blocked" time="0.006" /><testcase classname="tests.test_api_health" name="test_security_headers_and_remote_docs_gate" time="0.011" /><testcase classname="tests.test_api_health" name="test_approve_nonexistent_message_returns_400" time="0.013" /><testcase classname="tests.test_api_health" name="test_approve_rejects_missing_token" time="0.009" /><testcase classname="tests.test_api_health" name="test_approve_accepts_valid_token" time="0.012" /><testcase classname="tests.test_api_health" name="test_the_connection_pool_does_not_pay_a_pacific_round_trip_to_check_itself" time="0.002" /><testcase classname="tests.test_approval" name="test_approve_flips_status" time="0.028" /><testcase classname="tests.test_approval" name="test_approve_with_edit" time="0.025" /><testcase classname="tests.test_approval" name="test_approve_freezes_subject_and_signature_in_same_commit" time="0.027" /><testcase classname="tests.test_approval" name="test_foreign_reply_requires_reviewed_translation" time="0.035" /><testcase classname="tests.test_approval" name="test_reviewed_foreign_translation_can_be_approved" time="0.049" /><testcase classname="tests.test_approval" name="test_reject" time="0.028" /><testcase classname="tests.test_approval" name="test_approve_non_pending_raises" time="0.026" /><testcase classname="tests.test_approval" name="test_mark_sent" time="0.022" /><testcase classname="tests.test_approval_endpoint" name="test_approve_sets_status_to_sent" time="0.013" /><testcase classname="tests.test_approval_endpoint" name="test_edit_updates_body_then_sends" time="0.010" /><testcase classname="tests.test_approval_endpoint" name="test_reject_sets_status_rejected" time="0.009" /><testcase classname="tests.test_approval_endpoint" name="test_invalid_message_returns_400" time="0.007" /><testcase classname="tests.test_approval_endpoint" name="test_double_approve_returns_400" time="0.009" /><testcase classname="tests.test_approval_endpoint" name="test_send_failure_returns_500" time="0.009" /><testcase classname="tests.test_auth" name="test_session_roundtrip_and_tamper" time="0.001" /><testcase classname="tests.test_auth" name="test_session_expiry" time="0.001" /><testcase classname="tests.test_auth" name="test_session_secret_mismatch_rejected" time="0.001" /><testcase classname="tests.test_auth" name="test_domain_gate" time="0.001" /><testcase classname="tests.test_auth" name="test_first_login_bootstraps_admin_others_pending_until_approved" time="0.027" /><testcase classname="tests.test_auth" name="test_no_env_admin_allowlist_exists" time="0.001" /><testcase classname="tests.test_auth" name="test_current_user_uses_live_approval_and_role" time="0.021" /><testcase classname="tests.test_auth" name="test_only_two_roles_exist" time="0.001" /><testcase classname="tests.test_auth" name="test_admin_can_assign_viewer_and_operator_roles" time="0.039" /><testcase classname="tests.test_auth" name="test_sign_in_renders_the_console_bundle_not_a_template" time="0.016" /><testcase classname="tests.test_auth" name="test_a_refused_sign_in_says_why_without_putting_the_account_in_the_url" time="0.003" /><testcase classname="tests.test_auth" name="test_the_access_screen_returns_a_list_not_a_500" time="0.033" /><testcase classname="tests.test_client_merge" name="test_merge_moves_all_references_and_renumbers_contract_collision" time="0.047" /><testcase classname="tests.test_client_merge" name="test_merge_refuses_a_different_stored_company" time="0.024" /><testcase classname="tests.test_company_website" name="test_the_sweep_fills_it_and_never_asks_twice" time="0.023" /><testcase classname="tests.test_company_website" name="test_a_failed_lookup_leaves_the_queue_alone" time="0.021" /><testcase classname="tests.test_company_website" name="test_the_stored_value_is_safe_to_put_in_an_href[https://perso.ai-https://perso.ai]" time="0.001" /><testcase classname="tests.test_company_website" name="test_the_stored_value_is_safe_to_put_in_an_href[  perso.ai/ko  -https://perso.ai/ko]" time="0.001" /><testcase classname="tests.test_company_website" name="test_the_stored_value_is_safe_to_put_in_an_href[www.youtube.com/@Banheiristas-https://www.youtube.com/@Banheiristas]" time="0.001" /><testcase classname="tests.test_company_website" name="test_the_stored_value_is_safe_to_put_in_an_href[javascript:alert(1)-]" time="0.001" /><testcase classname="tests.test_company_website" name="test_the_stored_value_is_safe_to_put_in_an_href[data:text/html,&lt;script&gt;-]" time="0.001" /><testcase classname="tests.test_company_website" name="test_the_stored_value_is_safe_to_put_in_an_href[-]" time="0.001" /><testcase classname="tests.test_conditional_get" name="test_a_poll_that_finds_nothing_new_transfers_nothing" time="0.166" /><testcase classname="tests.test_conditional_get" name="test_the_clock_in_the_payload_does_not_defeat_the_cache" time="0.028" /><testcase classname="tests.test_conditional_get" name="test_the_event_stream_is_never_buffered_for_an_etag" time="0.003" /><testcase classname="tests.test_config" name="test_defaults" time="0.004" /><testcase classname="tests.test_config" name="test_hubspot_token_accepts_both_env_names" time="0.008" /><testcase classname="tests.test_config" name="test_ticket_stage_env_names_match_hubspot_labels" time="0.007" /><testcase classname="tests.test_config" name="test_ticket_stage_legacy_env_names_still_work" time="0.004" /><testcase classname="tests.test_config" name="test_bool_from_env" time="0.028" /><testcase classname="tests.test_config" name="test_int_from_env" time="0.023" /><testcase classname="tests.test_config" name="test_literal_validation" time="0.020" /><testcase classname="tests.test_config" name="test_the_sending_address_needs_no_env_var" time="0.001" /><testcase classname="tests.test_contracts_and_overview" name="test_the_screenless_endpoints_are_gone" time="0.013" /><testcase classname="tests.test_contracts_and_overview" name="test_nothing_builds_those_numbers_any_more" time="0.001" /><testcase classname="tests.test_contracts_and_overview" name="test_the_status_vocabulary_the_write_route_accepts_survives" time="0.001" /><testcase classname="tests.test_customer_ops" name="test_customer_list_and_detail" time="0.054" /><testcase classname="tests.test_customer_ops" name="test_recent_activity_is_the_latest_thing_that_happened" time="0.022" /><testcase classname="tests.test_customer_ops" name="test_the_profile_form_moves_the_pipeline_and_a_meeting_note_does_not" time="0.056" /><testcase classname="tests.test_customer_ops" name="test_profile_and_stage_survive_expired_session" time="0.044" /><testcase classname="tests.test_customer_ops" name="test_active_contract_marks_service_customer" time="0.044" /><testcase classname="tests.test_customer_ops" name="test_contract_uses_selected_inquiry_not_latest_contact_inquiry" time="0.058" /><testcase classname="tests.test_customer_ops" name="test_contract_rejects_another_contacts_inquiry" time="0.034" /><testcase classname="tests.test_customer_ops" name="test_customer_detail_offers_only_stages_the_board_still_has" time="0.045" /><testcase classname="tests.test_customer_ops" name="test_pipeline_board_moves_card_locally" time="0.057" /><testcase classname="tests.test_customer_ops" name="test_sync_state_separates_blocked_from_failed" time="0.001" /><testcase classname="tests.test_customer_ops" name="test_board_move_in_safe_mode_reports_local_not_a_failure" time="0.043" /><testcase classname="tests.test_customer_ops" name="test_board_move_finds_the_sheet_row_on_the_contact" time="0.029" /><testcase classname="tests.test_customer_ops" name="test_every_board_stage_has_workbook_wording" time="0.001" /><testcase classname="tests.test_customer_ops" name="test_pipeline_cards_have_no_stage_dropdown" time="0.035" /><testcase classname="tests.test_customer_ops" name="test_pipeline_keeps_each_inquiry_stage_and_only_latest_updates_profile" time="0.057" /><testcase classname="tests.test_customer_ops" name="test_contract_can_be_corrected_without_duplicate" time="0.039" /><testcase classname="tests.test_customer_ops" name="test_customer_operations_migration_creates_tables" time="0.008" /><testcase classname="tests.test_customer_ops" name="test_0037_migration_links_only_unambiguous_legacy_contracts" time="0.006" /><testcase classname="tests.test_customer_ops" name="test_deal_detail_belongs_to_won_and_lost_only" time="0.062" /><testcase classname="tests.test_customer_ops" name="test_a_deal_detail_from_another_stage_is_not_drawn" time="0.082" /><testcase classname="tests.test_customer_ops" name="test_the_board_gets_its_deal_detail_options_from_the_server" time="0.034" /><testcase classname="tests.test_customer_ops" name="test_the_ticket_page_shows_the_same_deal_detail_as_the_board" time="0.094" /><testcase classname="tests.test_customer_ops" name="test_the_sync_button_pulls_the_ticket_stage" time="0.033" /><testcase classname="tests.test_customer_ops" name="test_a_dead_ticket_does_not_break_the_rest_of_the_sync" time="0.024" /><testcase classname="tests.test_customer_ops" name="test_the_lead_history_counts_only_mail_that_went_out" time="0.033" /><testcase classname="tests.test_customer_ops" name="test_hubspot_sync_does_not_blank_a_field_the_operator_filled_in" time="0.002" /><testcase classname="tests.test_customer_ops" name="test_the_two_doors_share_one_sync" time="0.004" /><testcase classname="tests.test_customer_ops" name="test_every_stage_has_a_lifecycle_name_except_new" time="0.001" /><testcase classname="tests.test_customer_ops" name="test_only_a_hand_written_record_can_be_edited" time="0.048" /><testcase classname="tests.test_customer_ops" name="test_editing_a_record_does_not_move_the_ticket" time="0.039" /><testcase classname="tests.test_customer_ops" name="test_a_record_can_be_deleted_from_the_ticket" time="0.040" /><testcase classname="tests.test_customer_ops" name="test_deleting_a_hand_written_record_leaves_no_tombstone" time="0.034" /><testcase classname="tests.test_customer_ops" name="test_deleting_a_contact_takes_its_records_and_spares_the_won_ledger" time="0.062" /><testcase classname="tests.test_db_migrate.TestEnsureTracker" name="test_creates_tracker_table" time="0.005" /><testcase classname="tests.test_db_migrate.TestEnsureTracker" name="test_idempotent" time="0.003" /><testcase classname="tests.test_db_migrate.TestApplied" name="test_empty_when_no_rows" time="0.002" /><testcase classname="tests.test_db_migrate.TestApplied" name="test_returns_applied_names" time="0.004" /><testcase classname="tests.test_db_migrate.TestRunMigrations" name="test_applies_new_migrations" time="0.007" /><testcase classname="tests.test_db_migrate.TestRunMigrations" name="test_skips_already_applied" time="0.006" /><testcase classname="tests.test_db_migrate.TestRunMigrations" name="test_skips_underscore_prefixed" time="0.004" /><testcase classname="tests.test_db_migrate.TestRunMigrations" name="test_empty_when_no_migrations" time="0.003" /><testcase classname="tests.test_db_migrate.TestLegacyProspectStatusMigration" name="test_skips_when_outbound_table_does_not_exist" time="0.003" /><testcase classname="tests.test_db_migrate.TestLegacyProspectStatusMigration" name="test_updates_existing_legacy_rows" time="0.003" /><testcase classname="tests.test_db_migrate.TestRetireLegacyPipelineStages" name="test_skips_when_tables_do_not_exist" time="0.004" /><testcase classname="tests.test_db_migrate.TestRetireLegacyPipelineStages" name="test_remaps_both_stage_columns_and_leaves_kept_stages_alone" time="0.005" /><testcase classname="tests.test_db_migrate.TestRetireLegacyPipelineStages" name="test_is_idempotent" time="0.004" /><testcase classname="tests.test_db_migrate.TestRetireLegacyPipelineStages" name="test_every_target_survives_the_trim" time="0.001" /><testcase classname="tests.test_db_migrate.TestConversationInquirySubject" name="test_skips_when_table_does_not_exist" time="0.004" /><testcase classname="tests.test_db_migrate.TestConversationInquirySubject" name="test_renames_and_clears_only_the_category_values" time="0.003" /><testcase classname="tests.test_db_migrate.TestConversationInquirySubject" name="test_is_idempotent" time="0.003" /><testcase classname="tests.test_db_migrate.TestRetireDraftsPastNew" name="test_skips_when_tables_do_not_exist" time="0.004" /><testcase classname="tests.test_db_migrate.TestRetireDraftsPastNew" name="test_retires_only_unsent_drafts_on_tickets_past_new" time="0.024" /><testcase classname="tests.test_db_migrate.TestRemoveInboundAutoAck" name="test_skips_when_tables_do_not_exist" time="0.003" /><testcase classname="tests.test_db_migrate.TestRemoveInboundAutoAck" name="test_retires_unsent_preserves_sent_and_removes_templates" time="0.028" /><testcase classname="tests.test_db_migrate.Test0103ContactMovesToTheContract" name="test_skips_when_the_table_does_not_exist" time="0.003" /><testcase classname="tests.test_db_migrate.Test0103ContactMovesToTheContract" name="test_moves_the_value_onto_every_contract_and_drops_the_old_column" time="0.006" /><testcase classname="tests.test_db_migrate" name="test_sqlite_is_left_alone" time="0.001" /><testcase classname="tests.test_db_migrate" name="test_every_public_table_we_own_gets_locked" time="0.001" /><testcase classname="tests.test_db_migrate" name="test_a_table_this_connection_does_not_own_is_never_touched" time="0.001" /><testcase classname="tests.test_db_migrate" name="test_the_lock_runs_on_every_deploy_not_once" time="0.039" /><testcase classname="tests.test_db_migrate" name="test_it_refuses_to_lock_us_out_of_our_own_database" time="0.002" /><testcase classname="tests.test_db_migrate.TestVatInclusiveAmount" name="test_the_total_survives_and_the_supply_number_is_not_promoted" time="0.006" /><testcase classname="tests.test_db_migrate.TestVatInclusiveAmount" name="test_the_contract_note_keeps_the_vat_excluded_rate" time="0.004" /><testcase classname="tests.test_db_migrate.TestVatInclusiveAmount" name="test_a_contract_already_priced_on_the_total_gets_no_note" time="0.004" /><testcase classname="tests.test_db_migrate.TestVatInclusiveAmount" name="test_an_empty_total_is_filled_from_the_supply_number_plus_vat" time="0.004" /><testcase classname="tests.test_db_migrate.TestVatInclusiveAmount" name="test_the_two_columns_are_gone_and_a_second_run_is_quiet" time="0.005" /><testcase classname="tests.test_db_migrate.TestPromotedSupplyPriceGetsItsVat" name="test_a_copied_amount_gets_its_vat_back" time="0.006" /><testcase classname="tests.test_db_migrate.TestPromotedSupplyPriceGetsItsVat" name="test_a_row_that_already_had_its_total_is_left_alone" time="0.003" /><testcase classname="tests.test_db_migrate.TestPromotedSupplyPriceGetsItsVat" name="test_running_twice_does_not_stack_the_vat" time="0.003" /><testcase classname="tests.test_db_migrate.TestPromotedSupplyPriceGetsItsVat" name="test_a_row_without_the_note_is_never_touched" time="0.003" /><testcase classname="tests.test_db_migrate" name="test_no_migration_compares_a_boolean_to_an_integer" time="0.053" /><testcase classname="tests.test_db_session" name="test_normalize_url_postgres_prefix" time="0.001" /><testcase classname="tests.test_db_session" name="test_normalize_url_postgresql_unchanged" time="0.001" /><testcase classname="tests.test_db_session" name="test_normalize_url_sqlite_unchanged" time="0.001" /><testcase classname="tests.test_db_session" name="test_sqlite_pragmas_applied" time="0.002" /><testcase classname="tests.test_draft_evidence" name="test_live_hallucinated_durations_are_detected[\ud658\ubd88 \ucc98\ub9ac\ub294 \uc601\uc5c5\uc77c \uae30\uc900 5~10\uc77c \uc815\ub3c4 \uc18c\uc694\ub429\ub2c8\ub2e4.]" time="0.001" /><testcase classname="tests.test_draft_evidence" name="test_live_hallucinated_durations_are_detected[\ud655\uc778 \uc808\ucc28\ub294 \ubcf4\ud1b5 1~2 \uc601\uc5c5\uc77c\uc774 \uc18c\uc694\ub429\ub2c8\ub2e4.]" time="0.001" /><testcase classname="tests.test_draft_evidence" name="test_live_hallucinated_durations_are_detected[Refund processing takes 5-10 business days.]" time="0.001" /><testcase classname="tests.test_draft_evidence" name="test_claiming_an_unexecuted_action_is_detected[\uace0\uac1d\ub2d8\uc758 \ubb38\uc758 \ub0b4\uc6a9\uc5d0 \ub530\ub77c \ud658\ubd88 \uc2e0\uccad\uc774 \uc811\uc218\ub418\uc5c8\uc2b5\ub2c8\ub2e4.]" time="0.002" /><testcase classname="tests.test_draft_evidence" name="test_claiming_an_unexecuted_action_is_detected[\ud604\uc7ac \ub2f4\ub2f9 \ubd80\uc11c\uc5d0\uc11c \ud658\ubd88 \uc808\ucc28\ub97c \uc9c4\ud589 \uc911\uc785\ub2c8\ub2e4.]" time="0.002" /><testcase classname="tests.test_draft_evidence" name="test_claiming_an_unexecuted_action_is_detected[\ud658\ubd88 \uac00\ub2a5 \uc5ec\ubd80\ub97c \ud655\uc778\ud558\uace0 \uc788\uc2b5\ub2c8\ub2e4.]" time="0.001" /><testcase classname="tests.test_draft_evidence" name="test_claiming_an_unexecuted_action_is_detected[Your refund has been processed.]" time="0.001" /><testcase classname="tests.test_draft_evidence" name="test_claiming_an_unexecuted_action_is_detected[\ud604\uc7ac \ud658\ubd88 \uc808\ucc28\uac00 \uc9c4\ud589 \uc911\uc774\uba70, \uc544\uc9c1 \uc644\ub8cc\ub418\uc9c0 \uc54a\uc558\uc2b5\ub2c8\ub2e4.]" time="0.001" /><testcase classname="tests.test_draft_evidence" name="test_claiming_an_unexecuted_action_is_detected[\ud604\uc7ac \ud658\ubd88\uc774 \uc644\ub8cc\ub41c \uc0c1\ud0dc\ub294 \uc544\ub2d9\ub2c8\ub2e4.]" time="0.001" /><testcase classname="tests.test_draft_evidence" name="test_claiming_an_unexecuted_action_is_detected[\ud658\ubd88\uc774 \uc644\ub8cc\ub418\uc9c0 \uc54a\uc558\uc2b5\ub2c8\ub2e4.]" time="0.001" /><testcase classname="tests.test_draft_evidence" name="test_claiming_an_unexecuted_action_is_detected[Your refund has not been completed.]" time="0.001" /><testcase classname="tests.test_draft_evidence" name="test_supported_answers_customer_durations_and_explicit_unknowns_survive" time="0.001" /><testcase classname="tests.test_draft_evidence" name="test_translated_units_and_conditional_status_are_not_rejected" time="0.001" /><testcase classname="tests.test_draft_evidence" name="test_composition_cannot_drop_known_answer_when_internal_verification_is_needed" time="0.001" /><testcase classname="tests.test_draft_evidence" name="test_grounded_schema_does_not_accept_a_body_without_answer_points" time="0.001" /><testcase classname="tests.test_draft_evidence" name="test_existing_id_or_valid_json_does_not_make_a_quote_valid[quote0]" time="0.003" /><testcase classname="tests.test_draft_evidence" name="test_existing_id_or_valid_json_does_not_make_a_quote_valid[quote1]" time="0.001" /><testcase classname="tests.test_dual_dispatcher" name="test_email_failure_raises" time="0.257" /><testcase classname="tests.test_e2e" name="test_full_pipeline" time="0.098" /><testcase classname="tests.test_email_html" name="test_plaintext_becomes_html_document_with_paragraphs" time="0.002" /><testcase classname="tests.test_email_html" name="test_single_newlines_become_br" time="0.001" /><testcase classname="tests.test_email_html" name="test_urls_are_linkified" time="0.001" /><testcase classname="tests.test_email_html" name="test_html_special_chars_escaped_in_plaintext" time="0.002" /><testcase classname="tests.test_email_html" name="test_existing_html_passed_through" time="0.002" /><testcase classname="tests.test_email_html" name="test_empty_body_is_valid_document" time="0.002" /><testcase classname="tests.test_email_html" name="test_dash_lines_become_indented_list" time="0.001" /><testcase classname="tests.test_email_html" name="test_mixed_paragraph_and_bullets" time="0.001" /><testcase classname="tests.test_email_html" name="test_the_mail_carries_no_card_or_page_background" time="0.001" /><testcase classname="tests.test_email_html" name="test_a_signature_still_renders_below_the_body" time="0.001" /><testcase classname="tests.test_email_template_form" name="test_the_form_asks_only_for_what_an_operator_decides" time="0.002" /><testcase classname="tests.test_email_template_form" name="test_creating_a_template_needs_no_key" time="0.039" /><testcase classname="tests.test_email_template_form" name="test_a_korean_name_still_produces_a_usable_key" time="0.062" /><testcase classname="tests.test_email_template_form" name="test_two_templates_with_the_same_name_do_not_collide" time="0.050" /><testcase classname="tests.test_email_template_form" name="test_a_name_with_no_body_is_refused" time="0.029" /><testcase classname="tests.test_email_template_form" name="test_editing_cannot_move_the_key_or_blank_the_description" time="0.038" /><testcase classname="tests.test_email_template_form" name="test_a_new_draft_starts_on_the_first_signature" time="0.018" /><testcase classname="tests.test_email_template_form" name="test_with_no_signatures_a_draft_starts_unsigned" time="0.016" /><testcase classname="tests.test_email_template_form" name="test_a_signature_typed_before_the_prefix_existed_is_re_keyed" time="0.276" /><testcase classname="tests.test_email_template_form" name="test_a_signature_cannot_keep_a_language" time="0.039" /><testcase classname="tests.test_email_template_form" name="test_removed_auto_ack_rows_are_hidden_from_the_console" time="0.035" /><testcase classname="tests.test_email_template_form" name="test_saving_does_not_relabel_the_row_language" time="0.031" /><testcase classname="tests.test_email_template_form" name="test_saving_always_leaves_a_live_row" time="0.032" /><testcase classname="tests.test_email_template_form" name="test_anything_deletes_now_and_the_screen_says_what_that_costs" time="0.058" /><testcase classname="tests.test_email_template_form" name="test_is_code_resolved_rejects_removed_auto_ack_keys" time="0.016" /><testcase classname="tests.test_email_template_form" name="test_auto_ack_keys_cannot_be_recreated" time="0.051" /><testcase classname="tests.test_email_template_form" name="test_a_deleted_signature_is_gone_from_the_send_path_at_once" time="0.036" /><testcase classname="tests.test_email_template_form" name="test_a_deleted_row_frees_its_key_and_leaves_its_content_in_history" time="0.043" /><testcase classname="tests.test_email_template_form" name="test_the_revision_history_is_out_of_gemini_reach" time="0.019" /><testcase classname="tests.test_email_template_form" name="test_deleting_needs_the_sentence_typed_out_not_a_click" time="0.002" /><testcase classname="tests.test_email_template_form" name="test_every_write_path_leaves_the_value_before_it" time="0.044" /><testcase classname="tests.test_email_template_form" name="test_the_language_is_editable_and_the_other_one_is_not_english" time="0.030" /><testcase classname="tests.test_email_template_form" name="test_a_signature_still_cannot_keep_a_language" time="0.033" /><testcase classname="tests.test_followup_draft" name="test_the_conversation_includes_what_hubspot_brought_back" time="0.027" /><testcase classname="tests.test_followup_draft" name="test_our_own_reply_is_not_counted_twice" time="0.025" /><testcase classname="tests.test_followup_draft" name="test_the_reminders_history_line_is_not_a_second_reply" time="0.034" /><testcase classname="tests.test_followup_draft" name="test_a_reply_sent_from_hubspot_means_it_is_not_the_first_reply" time="0.030" /><testcase classname="tests.test_followup_draft" name="test_a_new_customer_message_is_what_the_follow_up_answers" time="0.026" /><testcase classname="tests.test_followup_draft" name="test_an_older_customer_message_does_not_count_as_a_new_one" time="0.032" /><testcase classname="tests.test_followup_draft" name="test_the_two_branches_reach_the_prompt" time="0.045" /><testcase classname="tests.test_followup_draft" name="test_reminder_does_not_answer_a_customer_correction" time="0.042" /><testcase classname="tests.test_followup_draft" name="test_test_sent_is_not_a_customer_visible_reply" time="0.059" /><testcase classname="tests.test_followup_draft" name="test_recent_correction_survives_a_long_derived_summary" time="0.033" /><testcase classname="tests.test_followup_draft" name="test_history_read_failure_is_not_an_empty_first_reply" time="0.003" /><testcase classname="tests.test_followup_sequence" name="test_nothing_happens_while_the_switch_date_is_empty" time="0.026" /><testcase classname="tests.test_followup_sequence" name="test_a_reply_sent_before_the_switch_date_never_starts_the_clock" time="0.032" /><testcase classname="tests.test_followup_sequence" name="test_nothing_goes_out_before_three_days" time="0.033" /><testcase classname="tests.test_followup_sequence" name="test_a_customer_reply_moves_the_ticket_to_negotiating_and_sends_nothing" time="0.049" /><testcase classname="tests.test_followup_sequence" name="test_a_reply_in_another_ticket_of_the_same_person_stops_the_reminder_without_moving" time="0.038" /><testcase classname="tests.test_followup_sequence" name="test_the_emergency_mail_switch_stops_the_clock" time="0.030" /><testcase classname="tests.test_followup_sequence" name="test_outside_office_hours_it_waits" time="0.030" /><testcase classname="tests.test_followup_sequence" name="test_the_window_is_weekday_office_hours_in_korea" time="0.001" /><testcase classname="tests.test_followup_sequence" name="test_a_missing_template_sends_nothing" time="0.039" /><testcase classname="tests.test_followup_sequence" name="test_a_draft_the_operator_is_writing_holds_the_reminder" time="0.032" /><testcase classname="tests.test_followup_sequence" name="test_if_the_last_hubspot_check_fails_nothing_goes_out" time="0.040" /><testcase classname="tests.test_followup_sequence" name="test_after_three_days_one_reminder_copies_the_reply_it_follows" time="0.039" /><testcase classname="tests.test_followup_sequence" name="test_a_korean_customer_gets_the_english_template_translated" time="0.038" /><testcase classname="tests.test_followup_sequence" name="test_a_failed_translation_sends_nothing" time="0.039" /><testcase classname="tests.test_followup_sequence" name="test_three_five_seven_and_then_closed_lost" time="0.265" /><testcase classname="tests.test_followup_sequence" name="test_a_reply_after_the_automatic_close_brings_the_ticket_back_red" time="0.042" /><testcase classname="tests.test_followup_sequence" name="test_a_ticket_a_person_closed_is_not_revived" time="0.025" /><testcase classname="tests.test_followup_sequence" name="test_a_new_human_reply_restarts_the_clock_from_reminder_one" time="0.001" /><testcase classname="tests.test_followup_sequence" name="test_a_failed_reminder_stops_the_clock_instead_of_repeating" time="0.001" /><testcase classname="tests.test_followup_sequence" name="test_the_stage_sweep_keeps_a_failed_reminder_while_the_ticket_is_contacted" time="0.033" /><testcase classname="tests.test_followup_sequence" name="test_a_customer_reply_clears_a_reminder_the_worker_has_not_picked_up" time="0.034" /><testcase classname="tests.test_followup_sequence" name="test_the_send_path_finds_the_two_templates_by_name" time="0.001" /><testcase classname="tests.test_followup_sequence" name="test_a_reminder_is_never_redrafted_by_the_model" time="0.026" /><testcase classname="tests.test_followup_sequence" name="test_the_start_date_is_midnight_in_korea" time="0.001" /><testcase classname="tests.test_followup_sequence" name="test_an_old_ticket_starts_only_from_a_mail_sent_after_the_start_date" time="0.044" /><testcase classname="tests.test_followup_sequence" name="test_a_misspelled_template_key_shows_on_the_ticket" time="0.024" /><testcase classname="tests.test_followup_sequence" name="test_the_ticket_says_which_reminders_are_done" time="0.054" /><testcase classname="tests.test_followup_sequence" name="test_a_reminder_that_never_reached_the_customer_is_not_done[approved]" time="0.041" /><testcase classname="tests.test_followup_sequence" name="test_a_reminder_that_never_reached_the_customer_is_not_done[send_failed]" time="0.041" /><testcase classname="tests.test_followup_sequence" name="test_a_reminder_that_never_reached_the_customer_is_not_done[test_sent]" time="0.040" /><testcase classname="tests.test_followup_sequence" name="test_a_closed_ticket_still_says_it_was_chased_twice" time="0.064" /><testcase classname="tests.test_gemini_provider" name="test_call_gemini_basic" time="0.003" /><testcase classname="tests.test_gemini_provider" name="test_call_gemini_uses_vertex_and_json_project" time="0.003" /><testcase classname="tests.test_gemini_provider" name="test_call_gemini_empty_creds_raises" time="0.002" /><testcase classname="tests.test_gemini_provider" name="test_call_gemini_none_text" time="0.004" /><testcase classname="tests.test_google_oauth" name="test_oauth_state_is_signed_and_tamper_evident" time="0.001" /><testcase classname="tests.test_google_oauth" name="test_authorization_url_requests_only_identity_and_sheets" time="0.001" /><testcase classname="tests.test_google_oauth" name="test_grant_encryption_round_trip" time="0.004" /><testcase classname="tests.test_google_oauth" name="test_grant_encryption_does_not_reuse_session_secret" time="0.001" /><testcase classname="tests.test_google_oauth" name="test_grant_encryption_requires_dedicated_key" time="0.001" /><testcase classname="tests.test_google_oauth" name="test_env_refresh_token_is_a_complete_grant_without_the_browser" time="0.001" /><testcase classname="tests.test_google_oauth" name="test_env_grant_requests_only_the_sheets_scope" time="0.001" /><testcase classname="tests.test_google_oauth" name="test_env_refresh_token_wins_over_a_stored_grant" time="0.001" /><testcase classname="tests.test_google_oauth" name="test_blank_env_refresh_token_falls_back_to_the_stored_grant" time="0.001" /><testcase classname="tests.test_google_oauth" name="test_connect_binds_sheets_oauth_state_to_browser_cookie" time="0.010" /><testcase classname="tests.test_google_oauth" name="test_callback_rejects_state_from_another_browser_session" time="0.012" /><testcase classname="tests.test_google_sheets" name="test_user_oauth_grant_enables_sync" time="0.001" /><testcase classname="tests.test_google_sheets" name="test_record_inbound_noop_without_connection" time="0.001" /><testcase classname="tests.test_google_sheets" name="test_record_inbound_swallows_errors" time="0.003" /><testcase classname="tests.test_google_sheets" name="test_append_matches_real_inbound_headers_and_allocates_1000_id" time="0.001" /><testcase classname="tests.test_google_sheets" name="test_header_below_a_merged_group_label_row_is_found" time="0.001" /><testcase classname="tests.test_google_sheets" name="test_stage_update_targets_the_row_offset_by_a_two_row_header" time="0.001" /><testcase classname="tests.test_google_sheets" name="test_append_anchors_the_table_at_the_header_not_a1" time="0.001" /><testcase classname="tests.test_google_sheets" name="test_append_refuses_empty_header_row" time="0.001" /><testcase classname="tests.test_google_sheets" name="test_inbound_retry_upserts_existing_client_id_without_duplicate" time="0.001" /><testcase classname="tests.test_google_sheets" name="test_same_client_gets_a_new_row_when_inquiry_id_differs" time="0.001" /><testcase classname="tests.test_google_sheets" name="test_stage_update_uses_inquiry_id_when_client_id_is_shared" time="0.001" /><testcase classname="tests.test_google_sheets" name="test_replace_client_id_keeps_each_inquiry_row" time="0.001" /><testcase classname="tests.test_google_sheets" name="test_allocated_inbound_id_is_rechecked_before_append" time="0.001" /><testcase classname="tests.test_google_sheets" name="test_order_header_with_id_rule_is_supported" time="0.001" /><testcase classname="tests.test_google_sheets" name="test_order_retry_updates_existing_business_key_without_duplicate" time="0.001" /><testcase classname="tests.test_google_sheets" name="test_stage_update_touches_only_stage_cells" time="0.001" /><testcase classname="tests.test_google_sheets" name="test_read_inbound_records_maps_real_headers_without_writing" time="0.001" /><testcase classname="tests.test_google_sheets" name="test_read_inbound_records_fails_loudly_when_client_id_header_drifted" time="0.001" /><testcase classname="tests.test_google_sheets" name="test_pipeline_is_written_as_a_formula_over_the_plan_cell" time="0.001" /><testcase classname="tests.test_google_sheets" name="test_a_sheet_without_a_plan_column_gets_no_formula" time="0.001" /><testcase classname="tests.test_google_sheets" name="test_the_formula_has_exactly_two_branches" time="0.006" /><testcase classname="tests.test_google_sheets" name="test_the_formula_and_the_console_answer_the_same_thing" time="0.003" /><testcase classname="tests.test_google_sheets" name="test_a_new_company_gets_a_registry_row_before_its_inquiry_is_written" time="0.003" /><testcase classname="tests.test_google_sheets" name="test_a_formula_column_is_never_written_by_field_sync" time="0.001" /><testcase classname="tests.test_google_sheets" name="test_field_sync_drops_unknown_keys_instead_of_writing_them" time="0.002" /><testcase classname="tests.test_google_sheets" name="test_field_sync_writes_nothing_in_safe_mode" time="0.002" /><testcase classname="tests.test_healthcheck" name="test_check_db_pass" time="0.028" /><testcase classname="tests.test_healthcheck" name="test_check_db_fail" time="0.002" /><testcase classname="tests.test_healthcheck" name="test_check_gemini_no_creds" time="0.002" /><testcase classname="tests.test_healthcheck" name="test_check_gemini_pass" time="0.002" /><testcase classname="tests.test_healthcheck" name="test_check_gemini_permission_fail" time="0.001" /><testcase classname="tests.test_healthcheck" name="test_check_disk_space_pass" time="0.001" /><testcase classname="tests.test_healthcheck" name="test_operational_queue_passes_when_empty" time="0.020" /><testcase classname="tests.test_healthcheck" name="test_operational_queue_warns_on_expired_processing_lease" time="0.021" /><testcase classname="tests.test_healthcheck" name="test_worker_heartbeat_is_single_row_and_health_passes" time="0.022" /><testcase classname="tests.test_healthcheck" name="test_worker_heartbeat_warns_when_enabled_worker_has_no_row" time="0.019" /><testcase classname="tests.test_healthcheck" name="test_run_healthchecks_returns_report" time="0.023" /><testcase classname="tests.test_healthcheck" name="test_overall_status_fail_on_any_fail" time="0.001" /><testcase classname="tests.test_healthcheck_endpoint" name="test_healthcheck_endpoint_requires_token" time="0.006" /><testcase classname="tests.test_healthcheck_endpoint" name="test_healthcheck_endpoint_returns_report" time="0.010" /><testcase classname="tests.test_healthcheck_endpoint" name="test_healthcheck_endpoint_with_failures" time="0.009" /><testcase classname="tests.test_healthcheck_extra" name="test_check_hubspot_pass" time="0.044" /><testcase classname="tests.test_healthcheck_extra" name="test_check_hubspot_auth_fail" time="0.028" /><testcase classname="tests.test_healthcheck_extra" name="test_check_hubspot_server_error_is_warning" time="0.028" /><testcase classname="tests.test_healthcheck_extra" name="test_check_hubspot_connection_error" time="0.027" /><testcase classname="tests.test_healthcheck_extra" name="test_check_hubspot_conversations_pass" time="0.055" /><testcase classname="tests.test_healthcheck_extra" name="test_check_hubspot_conversations_requires_delivery_config" time="0.001" /><testcase classname="tests.test_healthcheck_extra" name="test_check_send_quota_pass" time="0.001" /><testcase classname="tests.test_healthcheck_extra" name="test_check_send_quota_limit_hit" time="0.001" /><testcase classname="tests.test_healthcheck_extra" name="test_run_healthchecks_includes_core_checks" time="0.023" /><testcase classname="tests.test_healthcheck_extra" name="test_run_healthchecks_with_send_worker" time="0.024" /><testcase classname="tests.test_history_view" name="test_history_is_scoped_deduplicated_and_includes_real_records" time="0.030" /><testcase classname="tests.test_hubspot" name="test_get_contact_by_id" time="0.035" /><testcase classname="tests.test_hubspot" name="test_get_contact_not_found" time="0.029" /><testcase classname="tests.test_hubspot" name="test_no_token_raises" time="0.001" /><testcase classname="tests.test_hubspot" name="test_no_token_from_settings_raises" time="0.001" /><testcase classname="tests.test_hubspot" name="test_move_ticket_stage_reports_result" time="0.006" /><testcase classname="tests.test_hubspot" name="test_search_tickets_follows_paging" time="0.028" /><testcase classname="tests.test_hubspot" name="test_bulk_ticket_walk_retries_a_429_instead_of_aborting" time="0.031" /><testcase classname="tests.test_hubspot" name="test_contacts_batch_read_retries_a_429" time="0.028" /><testcase classname="tests.test_hubspot" name="test_a_partly_missing_batch_answered_with_207_keeps_the_survivors" time="0.028" /><testcase classname="tests.test_hubspot" name="test_a_batch_refused_with_404_is_asked_again_one_at_a_time" time="0.030" /><testcase classname="tests.test_hubspot" name="test_a_token_failure_is_never_read_as_all_gone" time="0.028" /><testcase classname="tests.test_hubspot_backfill" name="test_backfill_creates_rows_for_every_stage" time="0.029" /><testcase classname="tests.test_hubspot_backfill" name="test_one_contact_owning_several_tickets" time="0.039" /><testcase classname="tests.test_hubspot_backfill" name="test_duplicate_ticket_from_paging_is_ignored" time="0.031" /><testcase classname="tests.test_hubspot_backfill" name="test_backfill_never_creates_messages_or_jobs" time="0.040" /><testcase classname="tests.test_hubspot_backfill" name="test_backfill_leaves_last_incoming_at_null" time="0.031" /><testcase classname="tests.test_hubspot_backfill" name="test_backfill_rows_are_invisible_to_the_sheet_sync" time="0.030" /><testcase classname="tests.test_hubspot_backfill" name="test_backfill_is_idempotent" time="0.038" /><testcase classname="tests.test_hubspot_backfill" name="test_backfill_reruns_pick_up_a_stage_move" time="0.040" /><testcase classname="tests.test_hubspot_backfill" name="test_personal_domains_are_not_grouped_as_a_company" time="0.032" /><testcase classname="tests.test_hubspot_backfill" name="test_contact_without_email_still_gets_a_unique_identity" time="0.034" /><testcase classname="tests.test_hubspot_backfill" name="test_a_ticket_with_no_contact_is_still_a_row" time="0.034" /><testcase classname="tests.test_hubspot_backfill" name="test_request_and_status_round_trip" time="0.036" /><testcase classname="tests.test_hubspot_backfill" name="test_failure_is_recorded_and_retryable" time="0.021" /><testcase classname="tests.test_hubspot_conversations" name="test_selects_latest_matching_email_route" time="0.032" /><testcase classname="tests.test_hubspot_conversations" name="test_form_only_thread_uses_same_inbox_fallback" time="0.030" /><testcase classname="tests.test_hubspot_conversations" name="test_form_only_thread_rejects_cross_inbox_account" time="0.030" /><testcase classname="tests.test_hubspot_conversations" name="test_send_uses_agent_and_delivery_identifiers" time="0.034" /><testcase classname="tests.test_hubspot_conversations" name="test_send_5xx_is_delivery_unknown_without_retry" time="0.030" /><testcase classname="tests.test_hubspot_conversations" name="test_a_validation_failure_names_the_field_not_just_multiple_errors" time="0.002" /><testcase classname="tests.test_hubspot_conversations" name="test_the_recipient_is_an_address_not_an_email_actor" time="0.032" /><testcase classname="tests.test_hubspot_conversations" name="test_the_operator_can_choose_the_sending_address" time="0.037" /><testcase classname="tests.test_hubspot_conversations" name="test_nothing_chosen_keeps_the_old_behaviour" time="0.033" /><testcase classname="tests.test_hubspot_conversations" name="test_a_sender_from_another_inbox_is_allowed" time="0.036" /><testcase classname="tests.test_hubspot_conversations" name="test_a_dead_chosen_sender_fails_instead_of_falling_back" time="0.032" /><testcase classname="tests.test_hubspot_conversations" name="test_the_picker_offers_only_what_the_operator_allowed" time="0.032" /><testcase classname="tests.test_hubspot_conversations" name="test_the_picker_default_is_what_the_send_would_actually_use" time="0.040" /><testcase classname="tests.test_hubspot_conversations" name="test_the_chosen_sender_picks_a_thread_in_its_own_inbox" time="0.038" /><testcase classname="tests.test_hubspot_conversations" name="test_a_form_only_thread_in_that_inbox_is_usable_when_it_is_the_only_one" time="0.035" /><testcase classname="tests.test_hubspot_conversations" name="test_a_sender_with_no_conversation_in_its_inbox_still_sends" time="0.035" /><testcase classname="tests.test_hubspot_conversations" name="test_a_form_thread_does_not_reply_from_the_machine_address" time="0.038" /><testcase classname="tests.test_hubspot_conversations" name="test_the_machine_address_is_still_used_rather_than_failing" time="0.036" /><testcase classname="tests.test_hubspot_conversations" name="test_a_relay_default_is_still_named_on_screen" time="0.033" /><testcase classname="tests.test_hubspot_conversations" name="test_hubspot_relay_addresses_are_not_offered" time="0.035" /><testcase classname="tests.test_hubspot_conversations" name="test_the_picker_follows_the_paging_cursor" time="0.033" /><testcase classname="tests.test_hubspot_conversations" name="test_the_picker_asks_hubspot_once_not_once_per_ticket" time="0.033" /><testcase classname="tests.test_hubspot_inbound_status" name="test_handle_sets_analyzed_status" time="0.033" /><testcase classname="tests.test_hubspot_inbound_status" name="test_handle_continues_on_status_update_failure" time="0.022" /><testcase classname="tests.test_hubspot_inbound_status" name="test_no_hubspot_skips_status_update" time="0.003" /><testcase classname="tests.test_hubspot_inbound_status" name="test_send_bookkeeping_sets_meeting_link_sent" time="0.014" /><testcase classname="tests.test_hubspot_inbound_status" name="test_send_bookkeeping_ignores_hubspot_status_failure" time="0.014" /><testcase classname="tests.test_hubspot_inbound_status" name="test_a_reply_on_a_negotiating_ticket_does_not_drag_the_stage_back" time="0.012" /><testcase classname="tests.test_hubspot_inbound_status" name="test_a_follow_up_reminder_does_not_push_contacted_again" time="0.010" /><testcase classname="tests.test_hubspot_reconcile" name="test_a_404_alone_never_retires_a_draft" time="0.012" /><testcase classname="tests.test_hubspot_reconcile" name="test_the_confirmed_pass_deletes_the_thread" time="0.029" /><testcase classname="tests.test_hubspot_reconcile" name="test_a_draft_that_was_approved_can_still_be_deleted" time="0.028" /><testcase classname="tests.test_hubspot_reconcile" name="test_deleting_a_thread_never_takes_the_customer_or_the_money" time="0.100" /><testcase classname="tests.test_hubspot_reconcile" name="test_a_contact_with_nothing_left_goes_too" time="0.033" /><testcase classname="tests.test_hubspot_reconcile" name="test_a_second_ticket_keeps_the_contact_and_only_the_mail_that_went_out" time="0.030" /><testcase classname="tests.test_hubspot_reconcile" name="test_a_deletion_webhook_removes_the_thread" time="0.045" /><testcase classname="tests.test_hubspot_reconcile" name="test_a_thread_that_leaves_takes_its_workbook_row_with_it" time="0.023" /><testcase classname="tests.test_hubspot_reconcile" name="test_a_thread_with_no_workbook_row_asks_the_sheet_for_nothing" time="0.021" /><testcase classname="tests.test_hubspot_reconcile" name="test_a_deleted_ticket_is_never_queued_as_inbound_work" time="0.001" /><testcase classname="tests.test_hubspot_reconcile" name="test_an_auth_failure_is_not_a_deleted_ticket" time="0.011" /><testcase classname="tests.test_hubspot_reconcile" name="test_only_threads_holding_an_answer_are_asked_about_their_stage" time="0.016" /><testcase classname="tests.test_hubspot_reconcile" name="test_a_deleted_ticket_leaves_the_board_with_no_draft_to_find_it_by" time="0.022" /><testcase classname="tests.test_hubspot_reconcile" name="test_a_thread_past_new_keeps_its_thread_but_loses_the_unsent_draft" time="0.018" /><testcase classname="tests.test_hubspot_reconcile" name="test_the_one_off_purge_takes_only_the_truly_empty" time="0.343" /><testcase classname="tests.test_hubspot_record" name="test_properties_are_found_by_their_hubspot_label" time="0.002" /><testcase classname="tests.test_hubspot_record" name="test_fields_the_operator_did_not_ask_for_are_not_fetched" time="0.001" /><testcase classname="tests.test_hubspot_record" name="test_the_screen_label_is_not_the_search_key" time="0.002" /><testcase classname="tests.test_hubspot_record" name="test_the_plan_card_is_drawn_in_the_order_the_operator_set" time="0.001" /><testcase classname="tests.test_hubspot_record" name="test_the_label_beats_a_retired_property_that_shares_the_name" time="0.001" /><testcase classname="tests.test_hubspot_record" name="test_a_renamed_label_still_matches_by_internal_name" time="0.002" /><testcase classname="tests.test_hubspot_record" name="test_punctuation_and_casing_do_not_matter" time="0.002" /><testcase classname="tests.test_hubspot_record" name="test_the_record_becomes_the_card_and_the_fields_become_its_rows" time="0.002" /><testcase classname="tests.test_hubspot_record" name="test_a_missing_property_says_so_instead_of_looking_empty" time="0.002" /><testcase classname="tests.test_hubspot_record" name="test_the_panel_reads_our_own_rows_and_never_touches_hubspot" time="0.001" /><testcase classname="tests.test_hubspot_record" name="test_the_panel_never_raises_whatever_the_database_does" time="0.002" /><testcase classname="tests.test_hubspot_record" name="test_a_contact_we_have_never_synced_is_an_empty_panel_not_an_error" time="0.001" /><testcase classname="tests.test_hubspot_record" name="test_only_the_plan_fields_can_be_written" time="0.066" /><testcase classname="tests.test_hubspot_record" name="test_writing_nothing_writes_nothing" time="0.034" /><testcase classname="tests.test_hubspot_record" name="test_an_empty_box_clears_the_value" time="0.061" /><testcase classname="tests.test_hubspot_record" name="test_a_contact_without_a_hubspot_id_still_gets_the_panel" time="0.029" /><testcase classname="tests.test_hubspot_sync" name="test_get_contact_by_email" time="0.040" /><testcase classname="tests.test_hubspot_sync" name="test_update_inbound_status_success" time="0.037" /><testcase classname="tests.test_hubspot_sync" name="test_update_inbound_status_400_warns" time="0.039" /><testcase classname="tests.test_hubspot_sync" name="test_update_inbound_status_sync_success" time="0.036" /><testcase classname="tests.test_hubspot_sync" name="test_update_inbound_status_sync_400" time="0.038" /><testcase classname="tests.test_hubspot_sync" name="test_get_contact_sync_by_id" time="0.042" /><testcase classname="tests.test_hubspot_sync" name="test_get_contact_sync_by_email" time="0.034" /><testcase classname="tests.test_hubspot_sync" name="test_get_contact_sync_404" time="0.039" /><testcase classname="tests.test_hubspot_sync" name="test_get_recent_emails_sync" time="0.073" /><testcase classname="tests.test_hubspot_sync" name="test_get_recent_emails_sync_empty" time="0.042" /><testcase classname="tests.test_hubspot_sync" name="test_get_latest_form_submission_found" time="0.036" /><testcase classname="tests.test_hubspot_sync" name="test_get_latest_form_submission_not_form" time="0.043" /><testcase classname="tests.test_hubspot_sync" name="test_get_latest_form_submission_404" time="0.041" /><testcase classname="tests.test_hubspot_sync" name="test_get_latest_inbound_email_found" time="0.046" /><testcase classname="tests.test_hubspot_sync" name="test_get_latest_inbound_email_outgoing_only" time="0.044" /><testcase classname="tests.test_hubspot_sync" name="test_get_latest_inbound_email_assoc_fail" time="0.038" /><testcase classname="tests.test_hubspot_sync" name="test_get_latest_note_found" time="0.041" /><testcase classname="tests.test_hubspot_sync" name="test_our_own_note_does_not_come_back" time="0.048" /><testcase classname="tests.test_hubspot_sync" name="test_get_latest_note_no_results" time="0.040" /><testcase classname="tests.test_hubspot_sync" name="test_get_latest_note_assoc_fail" time="0.038" /><testcase classname="tests.test_hubspot_sync" name="test_get_latest_note_detail_fail" time="0.038" /><testcase classname="tests.test_hubspot_sync" name="test_get_associated_deals_sync" time="0.047" /><testcase classname="tests.test_hubspot_sync" name="test_get_associated_deals_sync_empty" time="0.071" /><testcase classname="tests.test_inbound_fetch_body" name="test_form_submission_takes_priority" time="0.006" /><testcase classname="tests.test_inbound_fetch_body" name="test_inbound_email_when_no_form" time="0.005" /><testcase classname="tests.test_inbound_fetch_body" name="test_note_when_no_form_or_email" time="0.005" /><testcase classname="tests.test_inbound_fetch_body" name="test_event_payload_fallback" time="0.003" /><testcase classname="tests.test_inbound_fetch_body" name="test_empty_message_warning" time="0.004" /><testcase classname="tests.test_inbound_fetch_body" name="test_form_fetch_error_falls_through" time="0.005" /><testcase classname="tests.test_inbound_fetch_body" name="test_no_hubspot_client_with_message" time="0.002" /><testcase classname="tests.test_inbound_fetch_body" name="test_no_hubspot_client_no_message" time="0.002" /><testcase classname="tests.test_inbound_fetch_body" name="test_reply_goes_to_the_address_on_the_ticket" time="0.006" /><testcase classname="tests.test_inbound_fetch_body" name="test_ticket_without_an_address_keeps_the_contact_one" time="0.006" /><testcase classname="tests.test_inbound_fetch_body" name="test_ticket_properties_request_the_email_column" time="0.001" /><testcase classname="tests.test_inbound_flow" name="test_normalize_email" time="0.028" /><testcase classname="tests.test_inbound_flow" name="test_inbound_handle_creates_db_rows" time="0.155" /><testcase classname="tests.test_inbound_flow" name="test_a_draft_that_finishes_after_the_ticket_moved_is_closed_on_the_spot" time="0.480" /><testcase classname="tests.test_inbound_flow" name="test_a_nameless_ticket_takes_the_subject_a_later_event_brings" time="0.062" /><testcase classname="tests.test_inbound_flow" name="test_personal_domain_not_stored" time="0.098" /><testcase classname="tests.test_inbound_flow" name="test_inbound_dedup" time="0.084" /><testcase classname="tests.test_inbound_flow" name="test_durable_retry_resumes_linked_placeholder" time="0.110" /><testcase classname="tests.test_inbound_flow" name="test_later_contact_reply_marks_latest_sent_message_answered" time="0.098" /><testcase classname="tests.test_inbound_flow" name="test_test_sent_reply_is_marked_answered_in_safe_mode" time="0.080" /><testcase classname="tests.test_inbound_flow" name="test_inbound_channel_selection" time="0.015" /><testcase classname="tests.test_inbound_flow" name="test_inbound_skips_ticket_outside_new_stage" time="0.015" /><testcase classname="tests.test_inbound_flow" name="test_inbound_enriched_from_hubspot" time="0.066" /><testcase classname="tests.test_inbound_flow" name="test_inbound_passes_knowledge_docs_to_draft" time="0.093" /><testcase classname="tests.test_inbound_flow" name="test_a_spam_classification_still_gets_documents" time="0.065" /><testcase classname="tests.test_inbound_poller" name="test_get_last_ticket_poll_at_default" time="0.004" /><testcase classname="tests.test_inbound_poller" name="test_save_and_get_ticket_poll_marker" time="0.004" /><testcase classname="tests.test_inbound_poller" name="test_mark_and_check_ticket_processed" time="0.005" /><testcase classname="tests.test_inbound_poller" name="test_poll_tickets_once_not_configured" time="0.003" /><testcase classname="tests.test_inbound_poller" name="test_poll_tickets_once_search_failure" time="0.007" /><testcase classname="tests.test_inbound_poller" name="test_poll_tickets_once_processes_ticket" time="0.009" /><testcase classname="tests.test_inbound_poller" name="test_poll_tickets_once_does_not_lookup_contact" time="0.007" /><testcase classname="tests.test_inbound_poller" name="test_poll_tickets_once_dedupes_existing_job" time="0.007" /><testcase classname="tests.test_inbound_poller" name="test_poll_tickets_once_skips_already_queued" time="0.007" /><testcase classname="tests.test_inbound_poller" name="test_poll_tickets_once_drains_more_than_one_page" time="0.375" /><testcase classname="tests.test_inbound_poller" name="test_poll_failure_does_not_advance_watermark" time="0.010" /><testcase classname="tests.test_inbound_webhook_route" name="test_ticket_creation_payload" time="0.014" /><testcase classname="tests.test_inbound_webhook_route" name="test_multi_event_payload" time="0.013" /><testcase classname="tests.test_inbound_webhook_route" name="test_single_object_not_array" time="0.010" /><testcase classname="tests.test_inbound_webhook_route" name="test_ignored_subscription_type" time="0.010" /><testcase classname="tests.test_inbound_webhook_route" name="test_ticket_stage_change_to_new_is_queued_once" time="0.020" /><testcase classname="tests.test_inbound_webhook_route" name="test_ticket_stage_change_away_from_new_is_ignored" time="0.012" /><testcase classname="tests.test_inbound_webhook_route" name="test_duplicate_event_is_acknowledged_without_processing" time="0.014" /><testcase classname="tests.test_inbound_webhook_route" name="test_invalid_json_returns_400" time="0.011" /><testcase classname="tests.test_inbound_webhook_route" name="test_body_size_is_capped_before_parsing" time="0.007" /><testcase classname="tests.test_inbound_webhook_route" name="test_batch_size_is_capped" time="0.010" /><testcase classname="tests.test_inbound_webhook_route" name="test_valid_signature_accepted" time="0.012" /><testcase classname="tests.test_inbound_webhook_route" name="test_invalid_signature_rejected" time="0.010" /><testcase classname="tests.test_inbound_webhook_route" name="test_missing_signature_headers_rejected" time="0.009" /><testcase classname="tests.test_inbound_webhook_route" name="test_expired_timestamp_rejected" time="0.010" /><testcase classname="tests.test_inbound_webhook_route" name="test_no_secret_configured_skips_verification" time="0.012" /><testcase classname="tests.test_inbound_webhook_route" name="test_a_contact_property_change_is_queued_not_fetched" time="0.003" /><testcase classname="tests.test_inbound_webhook_route" name="test_the_same_contact_in_the_same_minute_is_one_job" time="0.027" /><testcase classname="tests.test_inbound_worker" name="test_enqueue_uses_one_stable_key_across_sources" time="0.007" /><testcase classname="tests.test_inbound_worker" name="test_worker_resolves_contact_and_completes" time="0.016" /><testcase classname="tests.test_inbound_worker" name="test_worker_retries_when_contact_is_not_associated_yet" time="0.012" /><testcase classname="tests.test_inbound_worker" name="test_worker_retries_until_ticket_body_is_available" time="0.011" /><testcase classname="tests.test_inbound_worker" name="test_terminal_skips_complete_the_job[skipped_not_new]" time="0.012" /><testcase classname="tests.test_inbound_worker" name="test_terminal_skips_complete_the_job[skipped_existing_pending]" time="0.012" /><testcase classname="tests.test_inbound_worker" name="test_stale_processing_lease_is_reclaimed" time="0.014" /><testcase classname="tests.test_inbound_worker" name="test_job_owner_heartbeat_and_compare_and_set_completion" time="0.014" /><testcase classname="tests.test_inbound_worker" name="test_worker_loop_survives_iteration_failure" time="0.008" /><testcase classname="tests.test_interaction_log" name="test_the_form_asks_who_handled_it_and_which_way_it_went" time="0.003" /><testcase classname="tests.test_interaction_log" name="test_a_record_keeps_the_handler_and_no_direction" time="0.046" /><testcase classname="tests.test_interaction_log" name="test_the_chosen_direction_is_what_gets_stored" time="0.050" /><testcase classname="tests.test_interaction_log" name="test_the_handler_shows_on_the_ticket_and_note_is_not_labelled" time="0.065" /><testcase classname="tests.test_interaction_log" name="test_a_column_loads_one_page_and_still_counts_them_all" time="0.045" /><testcase classname="tests.test_interaction_log" name="test_a_column_page_picks_up_where_the_last_one_stopped" time="0.037" /><testcase classname="tests.test_interaction_log" name="test_the_column_endpoint_stops_asking_when_the_column_runs_out" time="0.057" /><testcase classname="tests.test_interaction_log" name="test_manual_logging_starts_where_the_automated_reply_ends" time="0.001" /><testcase classname="tests.test_interaction_log" name="test_the_board_shows_the_button_only_on_those_stages" time="0.038" /><testcase classname="tests.test_interaction_log" name="test_a_record_reaches_the_hubspot_timeline_with_its_ticket" time="0.047" /><testcase classname="tests.test_interaction_log" name="test_a_hubspot_failure_never_loses_the_record" time="0.037" /><testcase classname="tests.test_interaction_log" name="test_a_card_opens_the_ticket_it_stands_for" time="0.050" /><testcase classname="tests.test_interaction_log" name="test_a_ticket_with_no_mail_still_opens" time="0.068" /><testcase classname="tests.test_interaction_log" name="test_a_card_is_titled_with_the_ticket_name" time="0.046" /><testcase classname="tests.test_interaction_log" name="test_a_nameless_ticket_is_titled_from_its_own_mail" time="0.046" /><testcase classname="tests.test_interaction_log" name="test_the_card_carries_the_workbook_client_id" time="0.345" /><testcase classname="tests.test_interaction_log" name="test_a_record_filed_from_a_card_belongs_to_that_inquiry" time="0.044" /><testcase classname="tests.test_interaction_log" name="test_a_contact_level_record_stays_unattached" time="0.040" /><testcase classname="tests.test_interaction_log" name="test_another_customers_ticket_cannot_be_used" time="0.039" /><testcase classname="tests.test_interaction_log" name="test_the_return_address_can_only_be_this_site" time="0.040" /><testcase classname="tests.test_interaction_log" name="test_a_protocol_relative_return_address_is_refused" time="0.036" /><testcase classname="tests.test_interaction_log" name="test_the_two_lists_on_the_ticket_screen_count_different_things" time="0.061" /><testcase classname="tests.test_interaction_log" name="test_a_meeting_logged_on_a_won_ticket_leaves_it_where_it_is" time="0.046" /><testcase classname="tests.test_interaction_log" name="test_a_meeting_note_no_longer_advances_anything" time="0.042" /><testcase classname="tests.test_interaction_log" name="test_our_own_address_is_never_read_as_the_customer" time="0.001" /><testcase classname="tests.test_interaction_log" name="test_a_deleted_tickets_mail_stays_grouped_as_that_ticket" time="0.035" /><testcase classname="tests.test_interaction_log" name="test_the_past_ticket_marker_is_defined_once" time="0.003" /><testcase classname="tests.test_interaction_log" name="test_a_sent_reply_is_one_row_not_two" time="0.066" /><testcase classname="tests.test_knowledge" name="test_only_knowledge_rows_are_candidates" time="0.021" /><testcase classname="tests.test_knowledge" name="test_no_documents_means_no_block" time="0.018" /><testcase classname="tests.test_knowledge" name="test_selected_bodies_are_rendered_with_their_titles" time="0.019" /><testcase classname="tests.test_knowledge" name="test_the_router_loads_only_what_it_picked" time="0.019" /><testcase classname="tests.test_knowledge" name="test_the_index_carries_the_key_title_and_summary_only" time="0.031" /><testcase classname="tests.test_knowledge" name="test_the_summary_falls_back_to_the_top_of_the_body" time="0.026" /><testcase classname="tests.test_knowledge" name="test_every_failure_falls_back_to_every_active_document[None]" time="0.032" /><testcase classname="tests.test_knowledge" name="test_every_failure_falls_back_to_every_active_document[llm1]" time="0.022" /><testcase classname="tests.test_knowledge" name="test_every_failure_falls_back_to_every_active_document[llm2]" time="0.019" /><testcase classname="tests.test_knowledge" name="test_every_failure_falls_back_to_every_active_document[llm3]" time="0.031" /><testcase classname="tests.test_knowledge" name="test_spam_still_gets_documents" time="0.025" /><testcase classname="tests.test_knowledge" name="test_a_document_cannot_name_the_mail_any_more" time="0.018" /><testcase classname="tests.test_knowledge" name="test_the_copy_table_is_gone" time="0.016" /><testcase classname="tests.test_knowledge" name="test_a_follow_up_only_document_never_reaches_the_first_reply" time="0.021" /><testcase classname="tests.test_knowledge" name="test_the_default_scope_is_every_reply" time="0.022" /><testcase classname="tests.test_lazy_imports" name="test_a_lazy_import_points_at_something_that_exists[src/agents/approval.py-39-src.llm.translate-is_mostly_korean]" time="0.001" /><testcase classname="tests.test_lazy_imports" name="test_a_lazy_import_points_at_something_that_exists[src/agents/approval.py-99-src.agents.reply_safety-approval_binding]" time="0.001" /><testcase classname="tests.test_lazy_imports" name="test_a_lazy_import_points_at_something_that_exists[src/agents/approval.py-99-src.agents.reply_safety-validate_draft_context]" time="0.002" /><testcase classname="tests.test_lazy_imports" name="test_a_lazy_import_points_at_something_that_exists[src/agents/approval.py-249-src.integrations.hubspot-move_ticket_stage_after_send]" time="0.002" /><testcase classname="tests.test_lazy_imports" name="test_a_lazy_import_points_at_something_that_exists[src/agents/approval.py-242-src.agents.send_worker-_ADVANCES_FROM]" time="0.001" /><testcase classname="tests.test_lazy_imports" name="test_a_lazy_import_points_at_something_that_exists[src/agents/contact_sync.py-123-src.integrations.google_sheets-update_inbound_fields]" time="0.001" /><testcase classname="tests.test_lazy_imports" name="test_a_lazy_import_points_at_something_that_exists[src/agents/contact_sync.py-137-src.integrations.hubspot-HubSpotClient]" time="0.001" /><testcase classname="tests.test_lazy_imports" name="test_a_lazy_import_points_at_something_that_exists[src/agents/contact_sync.py-137-src.integrations.hubspot-HubSpotNotConfigured]" time="0.001" /><testcase classname="tests.test_lazy_imports" name="test_a_lazy_import_points_at_something_that_exists[src/agents/followup_sequence.py-188-src.db.email_templates-get_email_template]" time="0.002" /><testcase classname="tests.test_lazy_imports" name="test_a_lazy_import_points_at_something_that_exists[src/agents/followup_sequence.py-251-src.db.email_templates-get_email_template]" time="0.001" /><testcase classname="tests.test_lazy_imports" name="test_a_lazy_import_points_at_something_that_exists[src/agents/followup_sequence.py-252-src.llm.prompts-apply_editable_tokens]" time="0.001" /><testcase classname="tests.test_lazy_imports" name="test_a_lazy_import_points_at_something_that_exists[src/agents/followup_sequence.py-253-src.llm.translate-is_mostly_korean]" time="0.001" /><testcase classname="tests.test_lazy_imports" name="test_a_lazy_import_points_at_something_that_exists[src/agents/followup_sequence.py-253-src.llm.translate-translate_to]" time="0.001" /><testcase classname="tests.test_lazy_imports" name="test_a_lazy_import_points_at_something_that_exists[src/agents/followup_sequence.py-317-src.agents.send_worker-send_approved_now]" time="0.001" /><testcase classname="tests.test_lazy_imports" name="test_a_lazy_import_points_at_something_that_exists[src/agents/followup_sequence.py-325-src.api.routes.customer_ops-_set_conversation_stage]" time="0.001" /><testcase classname="tests.test_lazy_imports" name="test_a_lazy_import_points_at_something_that_exists[src/agents/followup_sequence.py-325-src.api.routes.customer_ops-_sync_stage]" time="0.001" /><testcase classname="tests.test_lazy_imports" name="test_a_lazy_import_points_at_something_that_exists[src/agents/followup_sequence.py-339-src.agents.ticket_history-_advance_on_customer_reply]" time="0.001" /><testcase classname="tests.test_lazy_imports" name="test_a_lazy_import_points_at_something_that_exists[src/agents/followup_sequence.py-383-src.common.safe_mode-email_delivery_enabled]" time="0.001" /><testcase classname="tests.test_lazy_imports" name="test_a_lazy_import_points_at_something_that_exists[src/agents/hubspot_reconcile.py-89-src.db.models-Client]" time="0.001" /><testcase classname="tests.test_lazy_imports" name="test_a_lazy_import_points_at_something_that_exists[src/agents/hubspot_reconcile.py-89-src.db.models-ContractRecord]" time="0.001" /><testcase classname="tests.test_lazy_imports" name="test_a_lazy_import_points_at_something_that_exists[src/agents/hubspot_reconcile.py-89-src.db.models-CustomerInteraction]" time="0.001" /><testcase classname="tests.test_lazy_imports" name="test_a_lazy_import_points_at_something_that_exists[src/agents/hubspot_reconcile.py-121-src.db.models-DELIVERED_STATUSES]" time="0.001" /><testcase classname="tests.test_lazy_imports" name="test_a_lazy_import_points_at_something_that_exists[src/agents/hubspot_reconcile.py-121-src.db.models-CustomerInteraction]" time="0.001" /><testcase classname="tests.test_lazy_imports" name="test_a_lazy_import_points_at_something_that_exists[src/agents/hubspot_reconcile.py-195-sqlalchemy-delete]" time="0.001"><skipped type="pytest.skip" message="서드파티는 requirements 가 책임집니다">C:\Users\EST-INFRA\Desktop\sales-automation\tests\test_lazy_imports.py:53: 서드파티는 requirements 가 책임집니다</skipped></testcase><testcase classname="tests.test_lazy_imports" name="test_a_lazy_import_points_at_something_that_exists[src/agents/hubspot_reconcile.py-195-sqlalchemy-select]" time="0.001"><skipped type="pytest.skip" message="서드파티는 requirements 가 책임집니다">C:\Users\EST-INFRA\Desktop\sales-automation\tests\test_lazy_imports.py:53: 서드파티는 requirements 가 책임집니다</skipped></testcase><testcase classname="tests.test_lazy_imports" name="test_a_lazy_import_points_at_something_that_exists[src/agents/hubspot_reconcile.py-195-sqlalchemy-update]" time="0.001"><skipped type="pytest.skip" message="서드파티는 requirements 가 책임집니다">C:\Users\EST-INFRA\Desktop\sales-automation\tests\test_lazy_imports.py:53: 서드파티는 requirements 가 책임집니다</skipped></testcase><testcase classname="tests.test_lazy_imports" name="test_a_lazy_import_points_at_something_that_exists[src/agents/hubspot_reconcile.py-197-src.db.models-Approval]" time="0.001" /><testcase classname="tests.test_lazy_imports" name="test_a_lazy_import_points_at_something_that_exists[src/agents/hubspot_reconcile.py-197-src.db.models-Contact]" time="0.001" /><testcase classname="tests.test_lazy_imports" name="test_a_lazy_import_points_at_something_that_exists[src/agents/hubspot_reconcile.py-197-src.db.models-ContractRecord]" time="0.001" /><testcase classname="tests.test_lazy_imports" name="test_a_lazy_import_points_at_something_that_exists[src/agents/hubspot_reconcile.py-197-src.db.models-ConversationProgress]" time="0.001" /><testcase classname="tests.test_lazy_imports" name="test_a_lazy_import_points_at_something_that_exists[src/agents/hubspot_reconcile.py-197-src.db.models-CustomerInteraction]" time="0.001" /><testcase classname="tests.test_lazy_imports" name="test_a_lazy_import_points_at_something_that_exists[src/agents/hubspot_reconcile.py-264-src.integrations.google_sheets-delete_inbound_row]" time="0.001" /><testcase classname="tests.test_lazy_imports" name="test_a_lazy_import_points_at_something_that_exists[src/agents/hubspot_reconcile.py-295-src.agents.stage_sync-_retire_superseded_drafts]" time="0.001" /><testcase classname="tests.test_lazy_imports" name="test_a_lazy_import_points_at_something_that_exists[src/agents/hubspot_reconcile.py-320-src.agents.hubspot_backfill-B2B_PIPELINE_ID]" time="0.001" /><testcase classname="tests.test_lazy_imports" name="test_a_lazy_import_points_at_something_that_exists[src/agents/hubspot_reconcile.py-321-src.agents.inbound_poller-reconcile_ticket_stages_once]" time="0.001" /><testcase classname="tests.test_lazy_imports" name="test_a_lazy_import_points_at_something_that_exists[src/agents/hubspot_reconcile.py-322-src.agents.stage_sync-local_stage_for]" time="0.002" /><testcase classname="tests.test_lazy_imports" name="test_a_lazy_import_points_at_something_that_exists[src/agents/hubspot_reconcile.py-322-src.agents.stage_sync-sync_stage_from_hubspot]" time="0.001" /><testcase classname="tests.test_lazy_imports" name="test_a_lazy_import_points_at_something_that_exists[src/agents/inbound.py-62-src.db.email_templates-default_signature_key]" time="0.001" /><testcase classname="tests.test_lazy_imports" name="test_a_lazy_import_points_at_something_that_exists[src/agents/inbound.py-1628-src.llm.translate-needs_korean]" time="0.001" /><testcase classname="tests.test_lazy_imports" name="test_a_lazy_import_points_at_something_that_exists[src/agents/inbound.py-1628-src.llm.translate-to_korean]" time="0.001" /><testcase classname="tests.test_lazy_imports" name="test_a_lazy_import_points_at_something_that_exists[src/agents/inbound.py-390-src.llm.language-detect_language]" time="0.001" /><testcase classname="tests.test_lazy_imports" name="test_a_lazy_import_points_at_something_that_exists[src/agents/inbound.py-497-src.agents.inbound_poller-_mark_ticket_processed]" time="0.001" /><testcase classname="tests.test_lazy_imports" name="test_a_lazy_import_points_at_something_that_exists[src/agents/inbound.py-525-src.agents.sheet_sync-reserve_inbound_client_id]" time="0.001" /><testcase classname="tests.test_lazy_imports" name="test_a_lazy_import_points_at_something_that_exists[src/agents/inbound.py-526-src.integrations.google_sheets-record_inbound]" time="0.002" /><testcase classname="tests.test_lazy_imports" name="test_a_lazy_import_points_at_something_that_exists[src/agents/inbound.py-850-src.agents.domain_enrichment-analyze_domain]" time="0.002" /><testcase classname="tests.test_lazy_imports" name="test_a_lazy_import_points_at_something_that_exists[src/agents/inbound.py-1025-src.llm.language-language_name]" time="0.002" /><testcase classname="tests.test_lazy_imports" name="test_a_lazy_import_points_at_something_that_exists[src/agents/inbound.py-1026-src.llm.reply-ensure_language]" time="0.001" /><testcase classname="tests.test_lazy_imports" name="test_a_lazy_import_points_at_something_that_exists[src/agents/inbound.py-1026-src.llm.reply-korean_reading]" time="0.001" /><testcase classname="tests.test_lazy_imports" name="test_a_lazy_import_points_at_something_that_exists[src/agents/inbound.py-1027-src.llm.translate-is_mostly_korean]" time="0.002" /><testcase classname="tests.test_lazy_imports" name="test_a_lazy_import_points_at_something_that_exists[src/agents/inbound.py-1328-src.integrations.hubspot_record-stamp_plan_snapshot]" time="0.001" /><testcase classname="tests.test_lazy_imports" name="test_a_lazy_import_points_at_something_that_exists[src/agents/inbound_poller.py-167-src.agents.hubspot_backfill-B2B_PIPELINE_ID]" time="0.002" /><testcase classname="tests.test_lazy_imports" name="test_a_lazy_import_points_at_something_that_exists[src/agents/inbound_poller.py-167-src.agents.hubspot_backfill-adopt_ticket]" time="0.001" /><testcase classname="tests.test_lazy_imports" name="test_a_lazy_import_points_at_something_that_exists[src/agents/inbound_poller.py-168-src.agents.stage_sync-sync_stage_from_hubspot]" time="0.001" /><testcase classname="tests.test_lazy_imports" name="test_a_lazy_import_points_at_something_that_exists[src/agents/inbound_poller.py-168-src.agents.stage_sync-sync_ticket_subject]" time="0.001" /><testcase classname="tests.test_lazy_imports" name="test_a_lazy_import_points_at_something_that_exists[src/agents/inbound_poller.py-252-src.common.memory-release]" time="0.002" /><testcase classname="tests.test_lazy_imports" name="test_a_lazy_import_points_at_something_that_exists[src/agents/inbound_poller.py-260-src.integrations.hubspot-HubSpotClient]" time="0.002" /><testcase classname="tests.test_lazy_imports" name="test_a_lazy_import_points_at_something_that_exists[src/agents/inbound_poller.py-260-src.integrations.hubspot-HubSpotNotConfigured]" time="0.001" /><testcase classname="tests.test_lazy_imports" name="test_a_lazy_import_points_at_something_that_exists[src/agents/inbound_poller.py-261-src.agents.cont
[...]
both_stacks_used" time="0.012" /><testcase classname="tests.test_web_ui" name="test_static_assets_are_revalidated" time="0.179" /><testcase classname="tests.test_web_ui" name="test_the_spa_bundle_is_what_the_shell_loads" time="0.013" /><testcase classname="tests.test_web_ui" name="test_the_shell_loads_the_korean_ui_font" time="0.013" /><testcase classname="tests.test_web_ui" name="test_dashboard_shows_queue_counters" time="0.012" /><testcase classname="tests.test_web_ui" name="test_dashboard_json_carries_the_queue_rows" time="0.013" /><testcase classname="tests.test_web_ui" name="test_dashboard_json_carries_the_board" time="0.015" /><testcase classname="tests.test_web_ui" name="test_the_queue_shows_the_inquiry_type_where_the_channel_used_to_be" time="0.002" /><testcase classname="tests.test_web_ui" name="test_a_queue_row_carries_the_id_its_link_is_built_from" time="0.012" /><testcase classname="tests.test_web_ui" name="test_dashboard_queue_table_is_the_review_table" time="0.003" /><testcase classname="tests.test_web_ui" name="test_every_table_is_the_same_table" time="0.022" /><testcase classname="tests.test_web_ui" name="test_dashboard_drops_the_receipt_ack_caption" time="0.024" /><testcase classname="tests.test_web_ui" name="test_pipeline_columns_show_the_label_only" time="0.002" /><testcase classname="tests.test_web_ui" name="test_the_all_counter_counts_the_rows_the_list_it_opens_holds" time="0.033" /><testcase classname="tests.test_web_ui" name="test_dashboard_queue_is_the_five_oldest" time="0.044" /><testcase classname="tests.test_web_ui" name="test_the_ticket_payload_loads_for_a_real_message" time="0.015" /><testcase classname="tests.test_web_ui" name="test_message_detail_404_for_missing" time="0.011" /><testcase classname="tests.test_web_ui" name="test_the_ticket_screen_offers_send_and_reject" time="0.002" /><testcase classname="tests.test_web_ui" name="test_message_detail_embeds_customer_history" time="0.084" /><testcase classname="tests.test_web_ui" name="test_message_send_approves" time="0.098" /><testcase classname="tests.test_web_ui" name="test_message_send_prevents_double" time="0.091" /><testcase classname="tests.test_web_ui" name="test_message_send_defers_to_worker_when_enabled" time="0.067" /><testcase classname="tests.test_web_ui" name="test_message_reject" time="0.065" /><testcase classname="tests.test_web_ui" name="test_message_edit_saves" time="0.071" /><testcase classname="tests.test_web_ui" name="test_the_queue_payload_carries_the_rows_the_screen_lists" time="0.016" /><testcase classname="tests.test_web_ui" name="test_message_edit_blocked_after_approve" time="0.106" /><testcase classname="tests.test_web_ui" name="test_the_stage_dropdown_is_always_there" time="0.002" /><testcase classname="tests.test_web_ui" name="test_the_console_does_not_ask_more_often_than_anything_can_change" time="0.003" /><testcase classname="tests.test_web_ui" name="test_the_signature_preview_is_a_snapshot_not_a_live_mirror" time="0.002" /><testcase classname="tests.test_web_ui" name="test_a_button_that_waits_says_so_on_itself" time="0.036" /><testcase classname="tests.test_web_ui" name="test_no_hook_is_called_after_an_early_return" time="0.056" /><testcase classname="tests.test_web_ui" name="test_a_modal_closes_only_when_the_scrim_is_pressed_and_released" time="0.003" /><testcase classname="tests.test_web_ui" name="test_typing_in_a_modal_blocks_the_accidental_close" time="0.004" /><testcase classname="tests.test_web_ui" name="test_the_board_move_answers_where_the_banner_can_read_it" time="0.002" /><testcase classname="tests.test_web_ui" name="test_the_event_stream_never_drops_someone_elses_change" time="0.002" /><testcase classname="tests.test_web_ui" name="test_background_work_tells_the_open_screens" time="0.003" /><testcase classname="tests.test_web_ui" name="test_a_write_does_not_wait_on_hubspot" time="0.003" /><testcase classname="tests.test_won_customers" name="test_unit_price_matches_the_operators_own_sheet" time="0.002" /><testcase classname="tests.test_won_customers" name="test_the_contract_amount_is_the_vat_inclusive_total" time="0.002" /><testcase classname="tests.test_won_customers" name="test_customer_type_comes_from_the_id_band" time="0.002" /><testcase classname="tests.test_won_customers" name="test_monthly_revenue_matches_the_sheet" time="0.002" /><testcase classname="tests.test_won_customers" name="test_contract_state_is_read_from_today_not_stored" time="0.002" /><testcase classname="tests.test_won_customers" name="test_contract_state_follows_the_contract_period_not_the_plan_period" time="0.002" /><testcase classname="tests.test_won_customers" name="test_a_terminated_contract_reads_as_over_from_that_day" time="0.002" /><testcase classname="tests.test_won_customers" name="test_the_setup_count_and_the_contract_rows_count_the_same_thing" time="0.002" /><testcase classname="tests.test_won_customers" name="test_a_contract_with_no_dates_still_reads_as_running" time="0.002" /><testcase classname="tests.test_won_customers" name="test_next_dates_are_the_earliest_unfinished_round" time="0.002" /><testcase classname="tests.test_won_customers" name="test_a_weekend_payment_uses_the_friday_rate" time="0.002" /><testcase classname="tests.test_won_customers" name="test_the_same_company_keeps_one_client_id" time="0.033" /><testcase classname="tests.test_won_customers" name="test_a_unique_won_company_reuses_its_client_id" time="0.031" /><testcase classname="tests.test_won_customers" name="test_an_ambiguous_company_name_does_not_guess_a_client_id" time="0.030" /><testcase classname="tests.test_won_customers" name="test_two_gmail_senders_are_not_one_company" time="0.027" /><testcase classname="tests.test_won_customers" name="test_each_band_allocates_its_own_numbers" time="0.028" /><testcase classname="tests.test_won_customers" name="test_won_lands_in_the_waiting_list_once" time="0.069" /><testcase classname="tests.test_won_customers" name="test_won_waiting_row_finds_and_links_a_unique_existing_company" time="0.045" /><testcase classname="tests.test_won_customers" name="test_saving_a_contract_completes_its_waiting_row" time="0.034" /><testcase classname="tests.test_won_customers" name="test_a_ticket_that_already_has_a_contract_never_waits" time="0.052" /><testcase classname="tests.test_won_customers" name="test_a_waiting_row_leaves_once_its_ticket_turns_up_on_a_contract" time="0.044" /><testcase classname="tests.test_won_customers" name="test_typing_a_ticket_into_a_contract_clears_that_waiting_row" time="0.037" /><testcase classname="tests.test_won_customers" name="test_leaving_won_takes_the_ticket_off_the_waiting_list" time="0.053" /><testcase classname="tests.test_won_customers" name="test_a_rollback_never_touches_a_customer_that_has_a_contract" time="0.043" /><testcase classname="tests.test_won_customers" name="test_a_contract_puts_a_retired_customer_back_on_the_books" time="0.133" /><testcase classname="tests.test_won_customers" name="test_an_untouched_ticket_keeps_its_card" time="0.037" /><testcase classname="tests.test_won_customers" name="test_a_ticket_that_returns_to_won_comes_back_to_the_waiting_list" time="0.062" /><testcase classname="tests.test_won_customers" name="test_a_ticket_whose_contract_exists_stays_done_even_after_a_rollback" time="0.048" /><testcase classname="tests.test_won_customers" name="test_a_retired_customer_leaves_the_active_count_but_keeps_its_row" time="0.034" /><testcase classname="tests.test_won_customers" name="test_the_sheet_keeps_a_retired_customers_row_but_empties_the_status" time="0.039" /><testcase classname="tests.test_won_customers" name="test_retiring_is_reversible_and_refused_on_a_contracted_customer" time="0.082" /><testcase classname="tests.test_won_customers" name="test_the_list_hides_retired_customers_unless_the_filter_asks" time="0.029" /><testcase classname="tests.test_won_customers" name="test_a_customer_and_its_first_contract_are_one_request" time="0.109" /><testcase classname="tests.test_won_customers" name="test_a_customer_cannot_be_created_without_its_first_contract" time="0.042" /><testcase classname="tests.test_won_customers" name="test_an_empty_customer_can_be_removed_but_a_contracted_one_cannot" time="0.073" /><testcase classname="tests.test_won_customers" name="test_deleting_the_last_contract_retires_the_customer_instead_of_orphaning_it" time="0.090" /><testcase classname="tests.test_won_customers" name="test_the_console_creates_no_customer_before_the_contract_is_saved" time="0.004" /><testcase classname="tests.test_won_customers" name="test_0090_drops_waiting_rows_whose_ticket_is_already_contracted" time="0.042" /><testcase classname="tests.test_won_customers" name="test_0091_and_0092_take_rollbacks_off_the_books_without_losing_a_number" time="0.057" /><testcase classname="tests.test_won_customers" name="test_0089_backfills_only_an_unambiguous_pending_company" time="0.044" /><testcase classname="tests.test_won_customers" name="test_waiting_list_has_no_manual_hold_action" time="0.003" /><testcase classname="tests.test_won_customers" name="test_active_customer_donuts_resize_and_show_only_real_deal_types" time="0.004" /><testcase classname="tests.test_won_customers" name="test_the_add_customer_form_is_a_centered_column_not_the_full_width" time="0.003" /><testcase classname="tests.test_won_customers" name="test_the_usage_pattern_tab_is_now_called_video_analysis" time="0.003" /><testcase classname="tests.test_won_customers" name="test_waiting_card_bypasses_the_three_way_customer_picker" time="0.003" /><testcase classname="tests.test_won_customers" name="test_the_console_can_actually_reach_the_write_routes" time="0.001" /><testcase classname="tests.test_won_customers" name="test_credit_rounds_add_up_to_the_contract" time="0.040" /><testcase classname="tests.test_won_customers" name="test_every_write_route_answers_post" time="0.002" /><testcase classname="tests.test_won_customers" name="test_the_mockup_css_does_not_own_a_modal_of_its_own" time="0.005" /><testcase classname="tests.test_won_customers" name="test_the_first_credit_date_is_the_form_s_not_the_contract_start" time="0.036" /><testcase classname="tests.test_won_customers" name="test_the_credit_schedule_is_recalculated_when_the_two_fields_change" time="0.076" /><testcase classname="tests.test_won_customers" name="test_an_unrelated_save_leaves_the_credit_schedule_alone" time="0.080" /><testcase classname="tests.test_won_customers" name="test_the_round_count_has_a_floor_and_a_ceiling" time="0.086" /><testcase classname="tests.test_won_customers" name="test_deleting_a_grant_renumbers_the_rest" time="0.061" /><testcase classname="tests.test_won_customers" name="test_a_cleared_memo_is_cleared_and_an_unsent_memo_is_kept" time="0.130" /><testcase classname="tests.test_won_customers" name="test_the_two_credit_fields_are_editable_and_a_grant_can_be_removed" time="0.003" /><testcase classname="tests.test_won_customers" name="test_the_mockup_css_does_not_claim_the_console_button_variants" time="0.006" /><testcase classname="tests.test_won_customers" name="test_the_console_does_not_manage_claims_at_all" time="0.005" /><testcase classname="tests.test_won_customers" name="test_the_console_does_not_manage_renewal_notes_at_all" time="0.007" /><testcase classname="tests.test_won_customers" name="test_the_list_screen_keeps_the_mockups_thresholds_and_wording" time="0.004" /><testcase classname="tests.test_won_customers" name="test_the_form_asks_for_one_amount_and_never_for_the_supply_price" time="0.004" /><testcase classname="tests.test_won_customers" name="test_the_unit_price_is_shown_not_typed" time="0.002" /><testcase classname="tests.test_won_customers" name="test_the_sheet_gets_the_computed_amounts" time="0.003" /><testcase classname="tests.test_won_customers" name="test_plan_status_falls_back_to_the_contract_dates" time="0.002" /><testcase classname="tests.test_won_customers" name="test_plan_status_is_not_stored_anywhere" time="0.005" /><testcase classname="tests.test_won_customers" name="test_the_sheet_gets_the_same_status_the_screen_shows" time="0.003" /><testcase classname="tests.test_won_customers" name="test_saving_only_the_notes_never_erases_the_money" time="0.025" /><testcase classname="tests.test_won_customers" name="test_a_contract_with_no_vat_has_no_supply_price" time="0.025" /><testcase classname="tests.test_won_customers" name="test_vat_applicability_is_the_customers_not_the_currencys" time="0.017" /><testcase classname="tests.test_won_customers" name="test_a_contract_written_before_the_column_existed_keeps_its_old_meaning" time="0.022" /><testcase classname="tests.test_won_customers" name="test_the_registry_append_never_writes_into_a_formula_column" time="0.014" /><testcase classname="tests.test_won_customers" name="test_a_failed_rate_lookup_is_retried_not_frozen_for_the_day" time="0.002" /><testcase classname="tests.test_won_customers" name="test_this_months_revenue_is_decided_by_the_contract_period" time="0.003" /><testcase classname="tests.test_won_customers" name="test_only_the_months_inside_the_contract_period_count" time="0.003" /><testcase classname="tests.test_won_customers" name="test_a_poc_lands_whole_in_the_month_of_its_first_payment" time="0.003" /><testcase classname="tests.test_won_customers" name="test_a_contract_with_no_amount_or_no_period_is_counted_as_nothing" time="0.001" /><testcase classname="tests.test_won_customers" name="test_the_card_does_not_filter_by_plan_status" time="0.002" /><testcase classname="tests.test_won_customers" name="test_new_customer_screen_knows_the_gtm_inbound_number_band" time="0.002" /><testcase classname="tests.test_won_customers" name="test_the_card_counts_gtm_only" time="0.001" /><testcase classname="tests.test_won_customers" name="test_the_cards_say_which_department_they_counted" time="0.002" /><testcase classname="tests.test_won_customers" name="test_the_card_says_what_its_numbers_are_and_follows_the_hovered_month" time="0.002" /><testcase classname="tests.test_won_customers" name="test_the_row_shows_what_this_customer_added_this_month" time="0.003" /><testcase classname="tests.test_won_customers" name="test_the_mrr_is_always_the_vat_inclusive_total" time="0.002" /><testcase classname="tests.test_won_customers" name="test_the_form_asks_in_the_order_the_answers_depend_on" time="0.002" /><testcase classname="tests.test_won_customers" name="test_the_supply_price_is_always_the_total_divided_not_a_stored_number" time="0.002" /><testcase classname="tests.test_won_customers" name="test_the_csv_supply_column_is_the_total_divided_not_the_total_itself" time="0.602" /><testcase classname="tests.test_won_customers" name="test_the_mrr_divisor_is_the_contract_period_not_the_plan_period" time="0.002" /><testcase classname="tests.test_won_customers" name="test_a_terminated_contract_stops_and_settles_in_that_month" time="0.002" /><testcase classname="tests.test_won_customers" name="test_the_settlement_can_be_negative" time="0.001" /><testcase classname="tests.test_won_customers" name="test_without_a_usage_number_we_stop_but_do_not_settle" time="0.002" /><testcase classname="tests.test_won_customers" name="test_using_more_credits_than_the_contract_refunds_nothing" time="0.002" /><testcase classname="tests.test_won_customers" name="test_the_period_ends_at_whichever_comes_first_but_the_divisor_does_not" time="0.002" /><testcase classname="tests.test_won_customers" name="test_the_series_converts_with_the_contracts_own_rate" time="0.002" /><testcase classname="tests.test_won_customers" name="test_a_contract_with_no_rate_falls_back_to_todays" time="0.002" /><testcase classname="tests.test_won_customers" name="test_cash_lands_whole_in_the_month_of_each_instalment" time="0.002" /><testcase classname="tests.test_won_customers" name="test_the_series_is_bucketed_per_department_and_a_total" time="0.002" /><testcase classname="tests.test_won_customers" name="test_each_new_series_is_measured_with_its_own_ruler" time="0.039" /><testcase classname="tests.test_won_customers" name="test_the_new_series_reaches_the_screen_through_the_route" time="0.041" /><testcase classname="tests.test_won_customers" name="test_the_new_series_is_only_the_month_the_customer_arrived" time="0.003" /><testcase classname="tests.test_won_customers" name="test_the_renewal_list_sits_with_the_other_due_boards" time="0.004" /><testcase classname="tests.test_won_customers" name="test_the_ticket_link_can_be_typed_per_contract" time="0.005" /><testcase classname="tests.test_won_customers" name="test_plan_status_follows_the_contract_period_not_the_plan_period" time="0.002" /><testcase classname="tests.test_won_customers" name="test_the_plan_period_defaults_to_the_contract_period" time="0.002" /><testcase classname="tests.test_won_customers" name="test_terminating_ends_the_plan_and_the_status_follows" time="0.002" /><testcase classname="tests.test_won_customers" name="test_mrr_is_divided_by_the_contract_months_not_the_plan_months" time="0.003" /><testcase classname="tests.test_won_customers" name="test_the_rate_is_filled_for_krw_contracts_too" time="0.002" /><testcase classname="tests.test_won_customers" name="test_a_contract_with_no_date_still_gets_todays_rate" time="0.004" /><testcase classname="tests.test_won_customers" name="test_a_rate_the_operator_typed_is_never_overwritten" time="0.003" /><testcase classname="tests.test_won_customers" name="test_a_failed_lookup_does_not_block_saving" time="0.003" /><testcase classname="tests.test_won_customers" name="test_0102_backfills_the_rate_per_contract_date" time="0.047" /><testcase classname="tests.test_won_customers" name="test_the_card_says_nothing_about_a_rate_it_does_not_apply" time="0.003" /><testcase classname="tests.test_won_customers" name="test_the_payload_counts_the_contracts_that_fell_back" time="0.076" /><testcase classname="tests.test_won_customers" name="test_a_payment_rate_can_be_typed_and_clearing_it_means_automatic" time="0.112" /><testcase classname="tests.test_won_customers" name="test_the_payment_row_lets_the_rate_be_typed" time="0.004" /><testcase classname="tests.test_won_customers" name="test_the_customer_contact_is_stored_per_contract" time="0.160" /><testcase classname="tests.test_won_customers" name="test_the_contact_moved_out_of_the_basic_panel_into_the_contract_form" time="0.004" /><testcase classname="tests.test_won_customers" name="test_saving_does_not_freeze_the_plan_dates" time="0.057" /><testcase classname="tests.test_won_customers" name="test_changing_the_contract_dates_moves_every_mrr_figure" time="0.002" /><testcase classname="tests.test_won_customers" name="test_the_two_mrr_figures_use_the_same_divisor" time="0.003" /><testcase classname="tests.test_won_customers" name="test_the_month_splits_by_stripe" time="0.026" /><testcase classname="tests.test_won_customers" name="test_the_split_only_shows_while_a_month_is_pointed_at" time="0.003" /><testcase classname="tests.test_won_customers" name="test_the_mrr_split_looks_at_the_contract_not_the_payment" time="0.003" /><testcase classname="tests.test_won_sheets" name="test_an_empty_sheet_fills_from_the_top" time="0.002" /><testcase classname="tests.test_won_sheets" name="test_the_same_client_id_is_overwritten_in_place" time="0.002" /><testcase classname="tests.test_won_sheets" name="test_a_row_for_an_unknown_client_is_left_alone" time="0.002" /><testcase classname="tests.test_won_sheets" name="test_a_hand_typed_row_is_adopted_once_the_console_knows_that_client" time="0.002" /><testcase classname="tests.test_won_sheets" name="test_a_row_the_console_no_longer_has_is_cleared_but_formulas_survive" time="0.001" /><testcase classname="tests.test_won_sheets" name="test_rows_past_the_formula_block_are_reported_not_silently_dropped" time="0.036" /><testcase classname="tests.test_won_sheets" name="test_the_sheet_formula_calls_the_1000_band_gtm_inbound" time="0.002" /><testcase classname="tests.test_won_sheets" name="test_the_payment_method_dropdown_says_what_the_console_saves" time="0.002" /></testsuite></testsuites>